CANDIDATE BUY start=0.000 step=0.001 bid_rate=inf ask_rate=0.000 bid_vol=31179118.000000 persist=1/2 trade_vol=0.000000
[2025-11-03 12:22:14] 合约=MINAUSDT 范围=[0.000-0.001] 窗口=4 买变率=inf 卖变率=0.000 买量=31179118.000000 卖量=0.000000 买条件=是 卖条件=否 上邻卖压下降=是 下邻买压下降=无 买持续=1/2 卖持续=0/2 成交量=0.000000 成交确认=否 发出=无
CANDIDATE BUY start=0.001 step=0.001 bid_rate=inf ask_rate=0.000 bid_vol=65256.000000 persist=1/2 trade_vol=0.000000
[2025-11-03 12:22:14] 合约=MINAUSDT 范围=[0.001-0.002] 窗口=4 买变率=inf 卖变率=0.000 买量=65256.000000 卖量=0.000000 买条件=是 卖条件=否 上邻卖压下降=是 下邻买压下降=否 买持续=1/2 卖持续=0/2 成交量=0.000000 成交确认=否 发出=无
CANDIDATE BUY start=0.003 step=0.001 bid_rate=inf ask_rate=0.000 bid_vol=19420.000000 persist=1/2 trade_vol=0.000000
[2025-11-03 12:22:14] 合约=MINAUSDT 范围=[0.003-0.004] 窗口=4 买变率=inf 卖变率=0.000 买量=19420.000000 卖量=0.000000 买条件=是 卖条件=否 上邻卖压下降=是 下邻买压下降=是 买持续=1/2 卖持续=0/2 成交量=0.000000 成交确认=否 发出=无
CANDIDATE BUY start=0.006 step=0.001 bid_rate=inf ask_rate=0.000 bid_vol=1000.000000 persist=1/2 trade_vol=0.000000
[2025-11-03 12:22:14] 合约=MINAUSDT 范围=[0.006-0.007] 窗口=4 买变率=inf 卖变率=0.000 买量=1000.000000 卖量=0.000000 买条件=是 卖条件=否 上邻卖压下降=是 下邻买压下降=是 买持续=1/2 卖持续=0/2 成交量=0.000000 成交确认=否 发出=无
CANDIDATE BUY start=0.009 step=0.001 bid_rate=inf ask_rate=0.000 bid_vol=17483.000000 persist=1/2 trade_vol=0.000000
[2025-11-03 12:22:14] 合约=MINAUSDT 范围=[0.009-0.010] 窗口=4 买变率=inf 卖变率=0.000 买量=17483.000000 卖量=0.000000 买条件=是 卖条件=否 上邻卖压下降=是 下邻买压下降=是 买持续=1/2 卖持续=0/2 成交量=0.000000 成交确认=否 发出=无
CANDIDATE BUY start=0.010 step=0.001 bid_rate=inf ask_rate=0.000 bid_vol=13900.000000 persist=1/2 trade_vol=0.000000
[2025-11-03 12:22:14] 合约=MINAUSDT 范围=[0.010-0.011] 窗口=4 买变率=inf 卖变率=0.000 买量=13900.000000 卖量=0.000000 买条件=是 卖条件=否 上邻卖压下降=是 下邻买压下降=否 买持续=1/2 卖持续=0/2 成交量=0.000000 成交确认=否 发出=无
CANDIDATE BUY start=0.011 step=0.001 bid_rate=inf ask_rate=0.000 bid_vol=545.000000 persist=1/2 trade_vol=0.000000
[2025-11-03 12:22:14] 合约=MINAUSDT 范围=[0.011-0.012] 窗口=4 买变率=inf 卖变率=0.000 买量=545.000000 卖量=0.000000 买条件=是 卖条件=否 上邻卖压下降=是 下邻买压下降=否 买持续=1/2 卖持续=0/2 成交量=0.000000 成交确认=否 发出=无
CANDIDATE BUY start=0.016 step=0.001 bid_rate=inf ask_rate=0.000 bid_vol=375.000000 persist=1/2 trade_vol=0.000000
[2025-11-03 12:22:14] 合约=MINAUSDT 范围=[0.016-0.017] 窗口=4 买变率=inf 卖变率=0.000 买量=375.000000 卖量=0.000000 买条件=是 卖条件=否 上邻卖压下降=是 下邻买压下降=是 买持续=1/2 卖持续=0/2 成交量=0.000000 成交确认=否 发出=无
CANDIDATE BUY start=0.017 step=0.001 bid_rate=inf ask_rate=0.000 bid_vol=57142.000000 persist=1/2 trade_vol=0.000000
[2025-11-03 12:22:14] 合约=MINAUSDT 范围=[0.017-0.018] 窗口=4 买变率=inf 卖变率=0.000 买量=57142.000000 卖量=0.000000 买条件=是 卖条件=否 上邻卖压下降=是 下邻买压下降=否 买持续=1/2 卖持续=0/2 成交量=0.000000 成交确认=否 发出=无
CANDIDATE BUY start=0.018 step=0.001 bid_rate=inf ask_rate=0.000 bid_vol=423.000000 persist=1/2 trade_vol=0.000000
[2025-11-03 12:22:14] 合约=MINAUSDT 范围=[0.018-0.019] 窗口=4 买变率=inf 卖变率=0.000 买量=423.000000 卖量=0.000000 买条件=是 卖条件=否 上邻卖压下降=是 下邻买压下降=否 买持续=1/2 卖持续=0/2 成交量=0.000000 成交确认=否 发出=无
CANDIDATE BUY start=0.020 step=0.001 bid_rate=inf ask_rate=0.000 bid_vol=450.000000 persist=1/2 trade_vol=0.000000
[2025-11-03 12:22:14] 合约=MINAUSDT 范围=[0.020-0.021] 窗口=4 买变率=inf 卖变率=0.000 买量=450.000000 卖量=0.000000 买条件=是 卖条件=否 上邻卖压下降=是 下邻买压下降=是 买持续=1/2 卖持续=0/2 成交量=0.000000 成交确认=否 发出=无
CANDIDATE BUY start=0.021 step=0.001 bid_rate=inf ask_rate=0.000 bid_vol=14570.000000 persist=1/2 trade_vol=0.000000
[2025-11-03 12:22:14] 合约=MINAUSDT 范围=[0.021-0.022] 窗口=4 买变率=inf 卖变率=0.000 买量=14570.000000 卖量=0.000000 买条件=是 卖条件=否 上邻卖压下降=是 下邻买压下降=否 买持续=1/2 卖持续=0/2 成交量=0.000000 成交确认=否 发出=无
CANDIDATE BUY start=0.025 step=0.001 bid_rate=inf ask_rate=0.000 bid_vol=24475.000000 persist=1/2 trade_vol=0.000000
[2025-11-03 12:22:14] 合约=MINAUSDT 范围=[0.025-0.026] 窗口=4 买变率=inf 卖变率=0.000 买量=24475.000000 卖量=0.000000 买条件=是 卖条件=否 上邻卖压下降=是 下邻买压下降=是 买持续=1/2 卖持续=0/2 成交量=0.000000 成交确认=否 发出=无
CANDIDATE BUY start=0.026 step=0.001 bid_rate=inf ask_rate=0.000 bid_vol=230.000000 persist=1/2 trade_vol=0.000000
[2025-11-03 12:22:14] 合约=MINAUSDT 范围=[0.026-0.027] 窗口=4 买变率=inf 卖变率=0.000 买量=230.000000 卖量=0.000000 买条件=是 卖条件=否 上邻卖压下降=是 下邻买压下降=否 买持续=1/2 卖持续=0/2 成交量=0.000000 成交确认=否 发出=无
CANDIDATE BUY start=0.027 step=0.001 bid_rate=inf ask_rate=0.000 bid_vol=1818.000000 persist=1/2 trade_vol=0.000000
[2025-11-03 12:22:14] 合约=MINAUSDT 范围=[0.027-0.028] 窗口=4 买变率=inf 卖变率=0.000 买量=1818.000000 卖量=0.000000 买条件=是 卖条件=否 上邻卖压下降=是 下邻买压下降=否 买持续=1/2 卖持续=0/2 成交量=0.000000 成交确认=否 发出=无
CANDIDATE BUY start=0.028 step=0.001 bid_rate=inf ask_rate=0.000 bid_vol=7142.000000 persist=1/2 trade_vol=0.000000
[2025-11-03 12:22:14] 合约=MINAUSDT 范围=[0.028-0.029] 窗口=4 买变率=inf 卖变率=0.000 买量=7142.000000 卖量=0.000000 买条件=是 卖条件=否 上邻卖压下降=是 下邻买压下降=否 买持续=1/2 卖持续=0/2 成交量=0.000000 成交确认=否 发出=无
CANDIDATE BUY start=0.030 step=0.001 bid_rate=inf ask_rate=0.000 bid_vol=40255.000000 persist=1/2 trade_vol=0.000000
[2025-11-03 12:22:14] 合约=MINAUSDT 范围=[0.030-0.031] 窗口=4 买变率=inf 卖变率=0.000 买量=40255.000000 卖量=0.000000 买条件=是 卖条件=否 上邻卖压下降=是 下邻买压下降=是 买持续=1/2 卖持续=0/2 成交量=0.000000 成交确认=否 发出=无
CANDIDATE BUY start=0.031 step=0.001 bid_rate=inf ask_rate=0.000 bid_vol=10362.000000 persist=1/2 trade_vol=0.000000
[2025-11-03 12:22:14] 合约=MINAUSDT 范围=[0.031-0.032] 窗口=4 买变率=inf 卖变率=0.000 买量=10362.000000 卖量=0.000000 买条件=是 卖条件=否 上邻卖压下降=是 下邻买压下降=否 买持续=1/2 卖持续=0/2 成交量=0.000000 成交确认=否 发出=无
CANDIDATE BUY start=0.032 step=0.001 bid_rate=inf ask_rate=0.000 bid_vol=1415.000000 persist=1/2 trade_vol=0.000000
[2025-11-03 12:22:14] 合约=MINAUSDT 范围=[0.032-0.033] 窗口=4 买变率=inf 卖变率=0.000 买量=1415.000000 卖量=0.000000 买条件=是 卖条件=否 上邻卖压下降=是 下邻买压下降=否 买持续=1/2 卖持续=0/2 成交量=0.000000 成交确认=否 发出=无
CANDIDATE BUY start=0.033 step=0.001 bid_rate=inf ask_rate=0.000 bid_vol=473.000000 persist=1/2 trade_vol=0.000000
[2025-11-03 12:22:14] 合约=MINAUSDT 范围=[0.033-0.034] 窗口=4 买变率=inf 卖变率=0.000 买量=473.000000 卖量=0.000000 买条件=是 卖条件=否 上邻卖压下降=是 下邻买压下降=否 买持续=1/2 卖持续=0/2 成交量=0.000000 成交确认=否 发出=无
CANDIDATE BUY start=0.034 step=0.001 bid_rate=inf ask_rate=0.000 bid_vol=1590.000000 persist=1/2 trade_vol=0.000000
[2025-11-03 12:22:14] 合约=MINAUSDT 范围=[0.034-0.035] 窗口=4 买变率=inf 卖变率=0.000 买量=1590.000000 卖量=0.000000 买条件=是 卖条件=否 上邻卖压下降=是 下邻买压下降=否 买持续=1/2 卖持续=0/2 成交量=0.000000 成交确认=否 发出=无
CANDIDATE BUY start=0.035 step=0.001 bid_rate=inf ask_rate=0.000 bid_vol=137318.000000 persist=1/2 trade_vol=0.000000
[2025-11-03 12:22:14] 合约=MINAUSDT 范围=[0.035-0.036] 窗口=4 买变率=inf 卖变率=0.000 买量=137318.000000 卖量=0.000000 买条件=是 卖条件=否 上邻卖压下降=是 下邻买压下降=否 买持续=1/2 卖持续=0/2 成交量=0.000000 成交确认=否 发出=无
CANDIDATE BUY start=0.036 step=0.001 bid_rate=inf ask_rate=0.000 bid_vol=26347.000000 persist=1/2 trade_vol=0.000000
[2025-11-03 12:22:14] 合约=MINAUSDT 范围=[0.036-0.037] 窗口=4 买变率=inf 卖变率=0.000 买量=26347.000000 卖量=0.000000 买条件=是 卖条件=否 上邻卖压下降=是 下邻买压下降=否 买持续=1/2 卖持续=0/2 成交量=0.000000 成交确认=否 发出=无
CANDIDATE BUY start=0.038 step=0.001 bid_rate=inf ask_rate=0.000 bid_vol=207.000000 persist=1/2 trade_vol=0.000000
[2025-11-03 12:22:14] 合约=MINAUSDT 范围=[0.038-0.039] 窗口=4 买变率=inf 卖变率=0.000 买量=207.000000 卖量=0.000000 买条件=是 卖条件=否 上邻卖压下降=是 下邻买压下降=是 买持续=1/2 卖持续=0/2 成交量=0.000000 成交确认=否 发出=无
CANDIDATE BUY start=0.039 step=0.001 bid_rate=inf ask_rate=0.000 bid_vol=20960.000000 persist=1/2 trade_vol=0.000000
[2025-11-03 12:22:14] 合约=MINAUSDT 范围=[0.039-0.040] 窗口=4 买变率=inf 卖变率=0.000 买量=20960.000000 卖量=0.000000 买条件=是 卖条件=否 上邻卖压下降=是 下邻买压下降=否 买持续=1/2 卖持续=0/2 成交量=0.000000 成交确认=否 发出=无
CANDIDATE BUY start=0.040 step=0.001 bid_rate=inf ask_rate=0.000 bid_vol=12981.000000 persist=1/2 trade_vol=0.000000
[2025-11-03 12:22:14] 合约=MINAUSDT 范围=[0.040-0.041] 窗口=4 买变率=inf 卖变率=0.000 买量=12981.000000 卖量=0.000000 买条件=是 卖条件=否 上邻卖压下降=是 下邻买压下降=否 买持续=1/2 卖持续=0/2 成交量=0.000000 成交确认=否 发出=无
CANDIDATE BUY start=0.041 step=0.001 bid_rate=inf ask_rate=0.000 bid_vol=146.000000 persist=1/2 trade_vol=0.000000
[2025-11-03 12:22:14] 合约=MINAUSDT 范围=[0.041-0.042] 窗口=4 买变率=inf 卖变率=0.000 买量=146.000000 卖量=0.000000 买条件=是 卖条件=否 上邻卖压下降=是 下邻买压下降=否 买持续=1/2 卖持续=0/2 成交量=0.000000 成交确认=否 发出=无
CANDIDATE BUY start=0.043 step=0.001 bid_rate=inf ask_rate=0.000 bid_vol=18849.000000 persist=1/2 trade_vol=0.000000
[2025-11-03 12:22:14] 合约=MINAUSDT 范围=[0.043-0.044] 窗口=4 买变率=inf 卖变率=0.000 买量=18849.000000 卖量=0.000000 买条件=是 卖条件=否 上邻卖压下降=是 下邻买压下降=是 买持续=1/2 卖持续=0/2 成交量=0.000000 成交确认=否 发出=无
CANDIDATE BUY start=0.044 step=0.001 bid_rate=inf ask_rate=0.000 bid_vol=55000.000000 persist=1/2 trade_vol=0.000000
[2025-11-03 12:22:14] 合约=MINAUSDT 范围=[0.044-0.045] 窗口=4 买变率=inf 卖变率=0.000 买量=55000.000000 卖量=0.000000 买条件=是 卖条件=否 上邻卖压下降=是 下邻买压下降=否 买持续=1/2 卖持续=0/2 成交量=0.000000 成交确认=否 发出=无
CANDIDATE BUY start=0.045 step=0.001 bid_rate=inf ask_rate=0.000 bid_vol=555.000000 persist=1/2 trade_vol=0.000000
[2025-11-03 12:22:14] 合约=MINAUSDT 范围=[0.045-0.046] 窗口=4 买变率=inf 卖变率=0.000 买量=555.000000 卖量=0.000000 买条件=是 卖条件=否 上邻卖压下降=是 下邻买压下降=否 买持续=1/2 卖持续=0/2 成交量=0.000000 成交确认=否 发出=无
CANDIDATE BUY start=0.046 step=0.001 bid_rate=inf ask_rate=0.000 bid_vol=325.000000 persist=1/2 trade_vol=0.000000
[2025-11-03 12:22:14] 合约=MINAUSDT 范围=[0.046-0.047] 窗口=4 买变率=inf 卖变率=0.000 买量=325.000000 卖量=0.000000 买条件=是 卖条件=否 上邻卖压下降=是 下邻买压下降=否 买持续=1/2 卖持续=0/2 成交量=0.000000 成交确认=否 发出=无
CANDIDATE BUY start=0.047 step=0.001 bid_rate=inf ask_rate=0.000 bid_vol=17509.000000 persist=1/2 trade_vol=0.000000
[2025-11-03 12:22:14] 合约=MINAUSDT 范围=[0.047-0.048] 窗口=4 买变率=inf 卖变率=0.000 买量=17509.000000 卖量=0.000000 买条件=是 卖条件=否 上邻卖压下降=是 下邻买压下降=否 买持续=1/2 卖持续=0/2 成交量=0.000000 成交确认=否 发出=无
CANDIDATE BUY start=0.049 step=0.001 bid_rate=inf ask_rate=0.000 bid_vol=17774.000000 persist=1/2 trade_vol=0.000000
[2025-11-03 12:22:14] 合约=MINAUSDT 范围=[0.049-0.050] 窗口=4 买变率=inf 卖变率=0.000 买量=17774.000000 卖量=0.000000 买条件=是 卖条件=否 上邻卖压下降=是 下邻买压下降=是 买持续=1/2 卖持续=0/2 成交量=0.000000 成交确认=否 发出=无
CANDIDATE BUY start=0.050 step=0.001 bid_rate=inf ask_rate=0.000 bid_vol=61909.000000 persist=1/2 trade_vol=0.000000
[2025-11-03 12:22:14] 合约=MINAUSDT 范围=[0.050-0.051] 窗口=4 买变率=inf 卖变率=0.000 买量=61909.000000 卖量=0.000000 买条件=是 卖条件=否 上邻卖压下降=是 下邻买压下降=否 买持续=1/2 卖持续=0/2 成交量=0.000000 成交确认=否 发出=无
CANDIDATE BUY start=0.051 step=0.001 bid_rate=inf ask_rate=0.000 bid_vol=17798.000000 persist=1/2 trade_vol=0.000000
[2025-11-03 12:22:14] 合约=MINAUSDT 范围=[0.051-0.052] 窗口=4 买变率=inf 卖变率=0.000 买量=17798.000000 卖量=0.000000 买条件=是 卖条件=否 上邻卖压下降=是 下邻买压下降=否 买持续=1/2 卖持续=0/2 成交量=0.000000 成交确认=否 发出=无
CANDIDATE BUY start=0.052 step=0.001 bid_rate=inf ask_rate=0.000 bid_vol=4393.000000 persist=1/2 trade_vol=0.000000
[2025-11-03 12:22:14] 合约=MINAUSDT 范围=[0.052-0.053] 窗口=4 买变率=inf 卖变率=0.000 买量=4393.000000 卖量=0.000000 买条件=是 卖条件=否 上邻卖压下降=是 下邻买压下降=否 买持续=1/2 卖持续=0/2 成交量=0.000000 成交确认=否 发出=无
CANDIDATE BUY start=0.053 step=0.001 bid_rate=inf ask_rate=0.000 bid_vol=500.000000 persist=1/2 trade_vol=0.000000
[2025-11-03 12:22:14] 合约=MINAUSDT 范围=[0.053-0.054] 窗口=4 买变率=inf 卖变率=0.000 买量=500.000000 卖量=0.000000 买条件=是 卖条件=否 上邻卖压下降=是 下邻买压下降=否 买持续=1/2 卖持续=0/2 成交量=0.000000 成交确认=否 发出=无
CANDIDATE BUY start=0.055 step=0.001 bid_rate=inf ask_rate=0.000 bid_vol=15839.000000 persist=1/2 trade_vol=0.000000
[2025-11-03 12:22:14] 合约=MINAUSDT 范围=[0.055-0.056] 窗口=4 买变率=inf 卖变率=0.000 买量=15839.000000 卖量=0.000000 买条件=是 卖条件=否 上邻卖压下降=是 下邻买压下降=是 买持续=1/2 卖持续=0/2 成交量=0.000000 成交确认=否 发出=无
CANDIDATE BUY start=0.056 step=0.001 bid_rate=inf ask_rate=0.000 bid_vol=4324.000000 persist=1/2 trade_vol=0.000000
[2025-11-03 12:22:14] 合约=MINAUSDT 范围=[0.056-0.057] 窗口=4 买变率=inf 卖变率=0.000 买量=4324.000000 卖量=0.000000 买条件=是 卖条件=否 上邻卖压下降=是 下邻买压下降=否 买持续=1/2 卖持续=0/2 成交量=0.000000 成交确认=否 发出=无
CANDIDATE BUY start=0.057 step=0.001 bid_rate=inf ask_rate=0.000 bid_vol=863.000000 persist=1/2 trade_vol=0.000000
[2025-11-03 12:22:14] 合约=MINAUSDT 范围=[0.057-0.058] 窗口=4 买变率=inf 卖变率=0.000 买量=863.000000 卖量=0.000000 买条件=是 卖条件=否 上邻卖压下降=是 下邻买压下降=否 买持续=1/2 卖持续=0/2 成交量=0.000000 成交确认=否 发出=无
CANDIDATE BUY start=0.059 step=0.001 bid_rate=inf ask_rate=0.000 bid_vol=9881.000000 persist=1/2 trade_vol=0.000000
[2025-11-03 12:22:14] 合约=MINAUSDT 范围=[0.059-0.060] 窗口=4 买变率=inf 卖变率=0.000 买量=9881.000000 卖量=0.000000 买条件=是 卖条件=否 上邻卖压下降=是 下邻买压下降=是 买持续=1/2 卖持续=0/2 成交量=0.000000 成交确认=否 发出=无
CANDIDATE BUY start=0.060 step=0.001 bid_rate=inf ask_rate=0.000 bid_vol=3782.000000 persist=1/2 trade_vol=0.000000
[2025-11-03 12:22:14] 合约=MINAUSDT 范围=[0.060-0.061] 窗口=4 买变率=inf 卖变率=0.000 买量=3782.000000 卖量=0.000000 买条件=是 卖条件=否 上邻卖压下降=是 下邻买压下降=否 买持续=1/2 卖持续=0/2 成交量=0.000000 成交确认=否 发出=无
CANDIDATE BUY start=0.061 step=0.001 bid_rate=inf ask_rate=0.000 bid_vol=82065.000000 persist=1/2 trade_vol=0.000000
[2025-11-03 12:22:14] 合约=MINAUSDT 范围=[0.061-0.062] 窗口=4 买变率=inf 卖变率=0.000 买量=82065.000000 卖量=0.000000 买条件=是 卖条件=否 上邻卖压下降=是 下邻买压下降=否 买持续=1/2 卖持续=0/2 成交量=0.000000 成交确认=否 发出=无
CANDIDATE BUY start=0.063 step=0.001 bid_rate=inf ask_rate=0.000 bid_vol=18743.000000 persist=1/2 trade_vol=0.000000
[2025-11-03 12:22:14] 合约=MINAUSDT 范围=[0.063-0.064] 窗口=4 买变率=inf 卖变率=0.000 买量=18743.000000 卖量=0.000000 买条件=是 卖条件=否 上邻卖压下降=是 下邻买压下降=是 买持续=1/2 卖持续=0/2 成交量=0.000000 成交确认=否 发出=无
CANDIDATE BUY start=0.064 step=0.001 bid_rate=inf ask_rate=0.000 bid_vol=1333.000000 persist=1/2 trade_vol=0.000000
[2025-11-03 12:22:14] 合约=MINAUSDT 范围=[0.064-0.065] 窗口=4 买变率=inf 卖变率=0.000 买量=1333.000000 卖量=0.000000 买条件=是 卖条件=否 上邻卖压下降=是 下邻买压下降=否 买持续=1/2 卖持续=0/2 成交量=0.000000 成交确认=否 发出=无
CANDIDATE BUY start=0.065 step=0.001 bid_rate=inf ask_rate=0.000 bid_vol=304.000000 persist=1/2 trade_vol=0.000000
[2025-11-03 12:22:14] 合约=MINAUSDT 范围=[0.065-0.066] 窗口=4 买变率=inf 卖变率=0.000 买量=304.000000 卖量=0.000000 买条件=是 卖条件=否 上邻卖压下降=是 下邻买压下降=否 买持续=1/2 卖持续=0/2 成交量=0.000000 成交确认=否 发出=无
CANDIDATE BUY start=0.066 step=0.001 bid_rate=inf ask_rate=0.000 bid_vol=16106.000000 persist=1/2 trade_vol=0.000000
[2025-11-03 12:22:14] 合约=MINAUSDT 范围=[0.066-0.067] 窗口=4 买变率=inf 卖变率=0.000 买量=16106.000000 卖量=0.000000 买条件=是 卖条件=否 上邻卖压下降=是 下邻买压下降=否 买持续=1/2 卖持续=0/2 成交量=0.000000 成交确认=否 发出=无
CANDIDATE BUY start=0.067 step=0.001 bid_rate=inf ask_rate=0.000 bid_vol=7716.000000 persist=1/2 trade_vol=0.000000
[2025-11-03 12:22:14] 合约=MINAUSDT 范围=[0.067-0.068] 窗口=4 买变率=inf 卖变率=0.000 买量=7716.000000 卖量=0.000000 买条件=是 卖条件=否 上邻卖压下降=是 下邻买压下降=否 买持续=1/2 卖持续=0/2 成交量=0.000000 成交确认=否 发出=无
CANDIDATE BUY start=0.068 step=0.001 bid_rate=inf ask_rate=0.000 bid_vol=9247.000000 persist=1/2 trade_vol=0.000000
[2025-11-03 12:22:14] 合约=MINAUSDT 范围=[0.068-0.069] 窗口=4 买变率=inf 卖变率=0.000 买量=9247.000000 卖量=0.000000 买条件=是 卖条件=否 上邻卖压下降=是 下邻买压下降=否 买持续=1/2 卖持续=0/2 成交量=0.000000 成交确认=否 发出=无
CANDIDATE BUY start=0.070 step=0.001 bid_rate=inf ask_rate=0.000 bid_vol=4649.000000 persist=1/2 trade_vol=0.000000
[2025-11-03 12:22:14] 合约=MINAUSDT 范围=[0.070-0.071] 窗口=4 买变率=inf 卖变率=0.000 买量=4649.000000 卖量=0.000000 买条件=是 卖条件=否 上邻卖压下降=是 下邻买压下降=是 买持续=1/2 卖持续=0/2 成交量=0.000000 成交确认=否 发出=无
CANDIDATE BUY start=0.071 step=0.001 bid_rate=inf ask_rate=0.000 bid_vol=8302.000000 persist=1/2 trade_vol=0.000000
[2025-11-03 12:22:14] 合约=MINAUSDT 范围=[0.071-0.072] 窗口=4 买变率=inf 卖变率=0.000 买量=8302.000000 卖量=0.000000 买条件=是 卖条件=否 上邻卖压下降=是 下邻买压下降=否 买持续=1/2 卖持续=0/2 成交量=0.000000 成交确认=否 发出=无
CANDIDATE BUY start=0.073 step=0.001 bid_rate=inf ask_rate=0.000 bid_vol=9513.000000 persist=1/2 trade_vol=0.000000
[2025-11-03 12:22:14] 合约=MINAUSDT 范围=[0.073-0.074] 窗口=4 买变率=inf 卖变率=0.000 买量=9513.000000 卖量=0.000000 买条件=是 卖条件=否 上邻卖压下降=是 下邻买压下降=是 买持续=1/2 卖持续=0/2 成交量=0.000000 成交确认=否 发出=无
CANDIDATE BUY start=0.074 step=0.001 bid_rate=inf ask_rate=0.000 bid_vol=290.000000 persist=1/2 trade_vol=0.000000
[2025-11-03 12:22:14] 合约=MINAUSDT 范围=[0.074-0.075] 窗口=4 买变率=inf 卖变率=0.000 买量=290.000000 卖量=0.000000 买条件=是 卖条件=否 上邻卖压下降=是 下邻买压下降=否 买持续=1/2 卖持续=0/2 成交量=0.000000 成交确认=否 发出=无
CANDIDATE BUY start=0.075 step=0.001 bid_rate=inf ask_rate=0.000 bid_vol=6246.000000 persist=1/2 trade_vol=0.000000
[2025-11-03 12:22:14] 合约=MINAUSDT 范围=[0.075-0.076] 窗口=4 买变率=inf 卖变率=0.000 买量=6246.000000 卖量=0.000000 买条件=是 卖条件=否 上邻卖压下降=是 下邻买压下降=否 买持续=1/2 卖持续=0/2 成交量=0.000000 成交确认=否 发出=无
CANDIDATE BUY start=0.076 step=0.001 bid_rate=inf ask_rate=0.000 bid_vol=578.000000 persist=1/2 trade_vol=0.000000
[2025-11-03 12:22:14] 合约=MINAUSDT 范围=[0.076-0.077] 窗口=4 买变率=inf 卖变率=0.000 买量=578.000000 卖量=0.000000 买条件=是 卖条件=否 上邻卖压下降=是 下邻买压下降=否 买持续=1/2 卖持续=0/2 成交量=0.000000 成交确认=否 发出=无
CANDIDATE BUY start=0.077 step=0.001 bid_rate=inf ask_rate=0.000 bid_vol=6016.000000 persist=1/2 trade_vol=0.000000
[2025-11-03 12:22:14] 合约=MINAUSDT 范围=[0.077-0.078] 窗口=4 买变率=inf 卖变率=0.000 买量=6016.000000 卖量=0.000000 买条件=是 卖条件=否 上邻卖压下降=是 下邻买压下降=否 买持续=1/2 卖持续=0/2 成交量=0.000000 成交确认=否 发出=无
CANDIDATE BUY start=0.078 step=0.001 bid_rate=inf ask_rate=0.000 bid_vol=11427.000000 persist=1/2 trade_vol=0.000000
[2025-11-03 12:22:14] 合约=MINAUSDT 范围=[0.078-0.079] 窗口=4 买变率=inf 卖变率=0.000 买量=11427.000000 卖量=0.000000 买条件=是 卖条件=否 上邻卖压下降=是 下邻买压下降=否 买持续=1/2 卖持续=0/2 成交量=0.000000 成交确认=否 发出=无
CANDIDATE BUY start=0.079 step=0.001 bid_rate=inf ask_rate=0.000 bid_vol=5900.000000 persist=1/2 trade_vol=0.000000
[2025-11-03 12:22:14] 合约=MINAUSDT 范围=[0.079-0.080] 窗口=4 买变率=inf 卖变率=0.000 买量=5900.000000 卖量=0.000000 买条件=是 卖条件=否 上邻卖压下降=是 下邻买压下降=否 买持续=1/2 卖持续=0/2 成交量=0.000000 成交确认=否 发出=无
CANDIDATE BUY start=0.080 step=0.001 bid_rate=inf ask_rate=0.000 bid_vol=10117.000000 persist=1/2 trade_vol=0.000000
[2025-11-03 12:22:14] 合约=MINAUSDT 范围=[0.080-0.081] 窗口=4 买变率=inf 卖变率=0.000 买量=10117.000000 卖量=0.000000 买条件=是 卖条件=否 上邻卖压下降=是 下邻买压下降=否 买持续=1/2 卖持续=0/2 成交量=0.000000 成交确认=否 发出=无
CANDIDATE BUY start=0.081 step=0.001 bid_rate=inf ask_rate=0.000 bid_vol=34170.000000 persist=1/2 trade_vol=0.000000
[2025-11-03 12:22:14] 合约=MINAUSDT 范围=[0.081-0.082] 窗口=4 买变率=inf 卖变率=0.000 买量=34170.000000 卖量=0.000000 买条件=是 卖条件=否 上邻卖压下降=是 下邻买压下降=否 买持续=1/2 卖持续=0/2 成交量=0.000000 成交确认=否 发出=无
CANDIDATE BUY start=0.082 step=0.001 bid_rate=inf ask_rate=0.000 bid_vol=761.000000 persist=1/2 trade_vol=0.000000
[2025-11-03 12:22:14] 合约=MINAUSDT 范围=[0.082-0.083] 窗口=4 买变率=inf 卖变率=0.000 买量=761.000000 卖量=0.000000 买条件=是 卖条件=否 上邻卖压下降=是 下邻买压下降=否 买持续=1/2 卖持续=0/2 成交量=0.000000 成交确认=否 发出=无
CANDIDATE BUY start=0.083 step=0.001 bid_rate=inf ask_rate=0.000 bid_vol=8214.000000 persist=1/2 trade_vol=0.000000
[2025-11-03 12:22:14] 合约=MINAUSDT 范围=[0.083-0.084] 窗口=4 买变率=inf 卖变率=0.000 买量=8214.000000 卖量=0.000000 买条件=是 卖条件=否 上邻卖压下降=是 下邻买压下降=否 买持续=1/2 卖持续=0/2 成交量=0.000000 成交确认=否 发出=无
CANDIDATE BUY start=0.084 step=0.001 bid_rate=inf ask_rate=0.000 bid_vol=1389.000000 persist=1/2 trade_vol=0.000000
[2025-11-03 12:22:14] 合约=MINAUSDT 范围=[0.084-0.085] 窗口=4 买变率=inf 卖变率=0.000 买量=1389.000000 卖量=0.000000 买条件=是 卖条件=否 上邻卖压下降=是 下邻买压下降=否 买持续=1/2 卖持续=0/2 成交量=0.000000 成交确认=否 发出=无
CANDIDATE BUY start=0.085 step=0.001 bid_rate=inf ask_rate=0.000 bid_vol=3340.000000 persist=1/2 trade_vol=0.000000
[2025-11-03 12:22:14] 合约=MINAUSDT 范围=[0.085-0.086] 窗口=4 买变率=inf 卖变率=0.000 买量=3340.000000 卖量=0.000000 买条件=是 卖条件=否 上邻卖压下降=是 下邻买压下降=否 买持续=1/2 卖持续=0/2 成交量=0.000000 成交确认=否 发出=无
CANDIDATE BUY start=0.086 step=0.001 bid_rate=inf ask_rate=0.000 bid_vol=3404.000000 persist=1/2 trade_vol=0.000000
[2025-11-03 12:22:14] 合约=MINAUSDT 范围=[0.086-0.087] 窗口=4 买变率=inf 卖变率=0.000 买量=3404.000000 卖量=0.000000 买条件=是 卖条件=否 上邻卖压下降=是 下邻买压下降=否 买持续=1/2 卖持续=0/2 成交量=0.000000 成交确认=否 发出=无
CANDIDATE BUY start=0.087 step=0.001 bid_rate=inf ask_rate=0.000 bid_vol=40818.000000 persist=1/2 trade_vol=0.000000
[2025-11-03 12:22:14] 合约=MINAUSDT 范围=[0.087-0.088] 窗口=4 买变率=inf 卖变率=0.000 买量=40818.000000 卖量=0.000000 买条件=是 卖条件=否 上邻卖压下降=是 下邻买压下降=否 买持续=1/2 卖持续=0/2 成交量=0.000000 成交确认=否 发出=无
CANDIDATE BUY start=0.088 step=0.001 bid_rate=inf ask_rate=0.000 bid_vol=13490.000000 persist=1/2 trade_vol=0.000000
[2025-11-03 12:22:14] 合约=MINAUSDT 范围=[0.088-0.089] 窗口=4 买变率=inf 卖变率=0.000 买量=13490.000000 卖量=0.000000 买条件=是 卖条件=否 上邻卖压下降=是 下邻买压下降=否 买持续=1/2 卖持续=0/2 成交量=0.000000 成交确认=否 发出=无
CANDIDATE BUY start=0.089 step=0.001 bid_rate=inf ask_rate=0.000 bid_vol=24101.000000 persist=1/2 trade_vol=0.000000
[2025-11-03 12:22:14] 合约=MINAUSDT 范围=[0.089-0.090] 窗口=4 买变率=inf 卖变率=0.000 买量=24101.000000 卖量=0.000000 买条件=是 卖条件=否 上邻卖压下降=是 下邻买压下降=否 买持续=1/2 卖持续=0/2 成交量=0.000000 成交确认=否 发出=无
CANDIDATE BUY start=0.090 step=0.001 bid_rate=inf ask_rate=0.000 bid_vol=28078.000000 persist=1/2 trade_vol=0.000000
[2025-11-03 12:22:14] 合约=MINAUSDT 范围=[0.090-0.091] 窗口=4 买变率=inf 卖变率=0.000 买量=28078.000000 卖量=0.000000 买条件=是 卖条件=否 上邻卖压下降=是 下邻买压下降=否 买持续=1/2 卖持续=0/2 成交量=0.000000 成交确认=否 发出=无
CANDIDATE BUY start=0.091 step=0.001 bid_rate=inf ask_rate=0.000 bid_vol=76628.000000 persist=1/2 trade_vol=0.000000
[2025-11-03 12:22:14] 合约=MINAUSDT 范围=[0.091-0.092] 窗口=4 买变率=inf 卖变率=0.000 买量=76628.000000 卖量=0.000000 买条件=是 卖条件=否 上邻卖压下降=是 下邻买压下降=否 买持续=1/2 卖持续=0/2 成交量=0.000000 成交确认=否 发出=无
CANDIDATE BUY start=0.092 step=0.001 bid_rate=inf ask_rate=0.000 bid_vol=27591.000000 persist=1/2 trade_vol=0.000000
[2025-11-03 12:22:14] 合约=MINAUSDT 范围=[0.092-0.093] 窗口=4 买变率=inf 卖变率=0.000 买量=27591.000000 卖量=0.000000 买条件=是 卖条件=否 上邻卖压下降=是 下邻买压下降=否 买持续=1/2 卖持续=0/2 成交量=0.000000 成交确认=否 发出=无
CANDIDATE BUY start=0.093 step=0.001 bid_rate=inf ask_rate=0.000 bid_vol=7835.000000 persist=1/2 trade_vol=0.000000
[2025-11-03 12:22:14] 合约=MINAUSDT 范围=[0.093-0.094] 窗口=4 买变率=inf 卖变率=0.000 买量=7835.000000 卖量=0.000000 买条件=是 卖条件=否 上邻卖压下降=是 下邻买压下降=否 买持续=1/2 卖持续=0/2 成交量=0.000000 成交确认=否 发出=无
CANDIDATE BUY start=0.094 step=0.001 bid_rate=inf ask_rate=0.000 bid_vol=3055.000000 persist=1/2 trade_vol=0.000000
[2025-11-03 12:22:14] 合约=MINAUSDT 范围=[0.094-0.095] 窗口=4 买变率=inf 卖变率=0.000 买量=3055.000000 卖量=0.000000 买条件=是 卖条件=否 上邻卖压下降=是 下邻买压下降=否 买持续=1/2 卖持续=0/2 成交量=0.000000 成交确认=否 发出=无
CANDIDATE BUY start=0.095 step=0.001 bid_rate=inf ask_rate=0.000 bid_vol=42721.000000 persist=1/2 trade_vol=0.000000
[2025-11-03 12:22:14] 合约=MINAUSDT 范围=[0.095-0.096] 窗口=4 买变率=inf 卖变率=0.000 买量=42721.000000 卖量=0.000000 买条件=是 卖条件=否 上邻卖压下降=是 下邻买压下降=否 买持续=1/2 卖持续=0/2 成交量=0.000000 成交确认=否 发出=无
CANDIDATE BUY start=0.096 step=0.001 bid_rate=inf ask_rate=0.000 bid_vol=28331.000000 persist=1/2 trade_vol=0.000000
[2025-11-03 12:22:14] 合约=MINAUSDT 范围=[0.096-0.097] 窗口=4 买变率=inf 卖变率=0.000 买量=28331.000000 卖量=0.000000 买条件=是 卖条件=否 上邻卖压下降=是 下邻买压下降=否 买持续=1/2 卖持续=0/2 成交量=0.000000 成交确认=否 发出=无
CANDIDATE BUY start=0.097 step=0.001 bid_rate=inf ask_rate=0.000 bid_vol=19457.000000 persist=1/2 trade_vol=0.000000
[2025-11-03 12:22:14] 合约=MINAUSDT 范围=[0.097-0.098] 窗口=4 买变率=inf 卖变率=0.000 买量=19457.000000 卖量=0.000000 买条件=是 卖条件=否 上邻卖压下降=是 下邻买压下降=否 买持续=1/2 卖持续=0/2 成交量=0.000000 成交确认=否 发出=无
CANDIDATE BUY start=0.098 step=0.001 bid_rate=inf ask_rate=0.000 bid_vol=23714.000000 persist=1/2 trade_vol=0.000000
[2025-11-03 12:22:14] 合约=MINAUSDT 范围=[0.098-0.099] 窗口=4 买变率=inf 卖变率=0.000 买量=23714.000000 卖量=0.000000 买条件=是 卖条件=否 上邻卖压下降=是 下邻买压下降=否 买持续=1/2 卖持续=0/2 成交量=0.000000 成交确认=否 发出=无
CANDIDATE BUY start=0.099 step=0.001 bid_rate=inf ask_rate=0.000 bid_vol=37268.000000 persist=1/2 trade_vol=0.000000
[2025-11-03 12:22:14] 合约=MINAUSDT 范围=[0.099-0.100] 窗口=4 买变率=inf 卖变率=0.000 买量=37268.000000 卖量=0.000000 买条件=是 卖条件=否 上邻卖压下降=是 下邻买压下降=否 买持续=1/2 卖持续=0/2 成交量=0.000000 成交确认=否 发出=无
CANDIDATE BUY start=0.100 step=0.001 bid_rate=inf ask_rate=0.000 bid_vol=124197.000000 persist=1/2 trade_vol=0.000000
[2025-11-03 12:22:14] 合约=MINAUSDT 范围=[0.100-0.101] 窗口=4 买变率=inf 卖变率=0.000 买量=124197.000000 卖量=0.000000 买条件=是 卖条件=否 上邻卖压下降=是 下邻买压下降=否 买持续=1/2 卖持续=0/2 成交量=0.000000 成交确认=否 发出=无
CANDIDATE BUY start=0.101 step=0.001 bid_rate=inf ask_rate=0.000 bid_vol=44527.000000 persist=1/2 trade_vol=0.000000
[2025-11-03 12:22:14] 合约=MINAUSDT 范围=[0.101-0.102] 窗口=4 买变率=inf 卖变率=0.000 买量=44527.000000 卖量=0.000000 买条件=是 卖条件=否 上邻卖压下降=是 下邻买压下降=否 买持续=1/2 卖持续=0/2 成交量=0.000000 成交确认=否 发出=无
CANDIDATE BUY start=0.102 step=0.001 bid_rate=inf ask_rate=0.000 bid_vol=10982.000000 persist=1/2 trade_vol=0.000000
[2025-11-03 12:22:14] 合约=MINAUSDT 范围=[0.102-0.103] 窗口=4 买变率=inf 卖变率=0.000 买量=10982.000000 卖量=0.000000 买条件=是 卖条件=否 上邻卖压下降=是 下邻买压下降=否 买持续=1/2 卖持续=0/2 成交量=0.000000 成交确认=否 发出=无
CANDIDATE BUY start=0.103 step=0.001 bid_rate=inf ask_rate=0.000 bid_vol=25883.000000 persist=1/2 trade_vol=0.000000
[2025-11-03 12:22:14] 合约=MINAUSDT 范围=[0.103-0.104] 窗口=4 买变率=inf 卖变率=0.000 买量=25883.000000 卖量=0.000000 买条件=是 卖条件=否 上邻卖压下降=是 下邻买压下降=否 买持续=1/2 卖持续=0/2 成交量=0.000000 成交确认=否 发出=无
CANDIDATE BUY start=0.104 step=0.001 bid_rate=inf ask_rate=0.000 bid_vol=29086.000000 persist=1/2 trade_vol=0.000000
[2025-11-03 12:22:14] 合约=MINAUSDT 范围=[0.104-0.105] 窗口=4 买变率=inf 卖变率=0.000 买量=29086.000000 卖量=0.000000 买条件=是 卖条件=否 上邻卖压下降=是 下邻买压下降=否 买持续=1/2 卖持续=0/2 成交量=0.000000 成交确认=否 发出=无
CANDIDATE BUY start=0.105 step=0.001 bid_rate=inf ask_rate=0.000 bid_vol=97488.000000 persist=1/2 trade_vol=0.000000
[2025-11-03 12:22:14] 合约=MINAUSDT 范围=[0.105-0.106] 窗口=4 买变率=inf 卖变率=0.000 买量=97488.000000 卖量=0.000000 买条件=是 卖条件=否 上邻卖压下降=是 下邻买压下降=否 买持续=1/2 卖持续=0/2 成交量=0.000000 成交确认=否 发出=无
CANDIDATE BUY start=0.106 step=0.001 bid_rate=inf ask_rate=0.000 bid_vol=441827.000000 persist=1/2 trade_vol=0.000000
[2025-11-03 12:22:14] 合约=MINAUSDT 范围=[0.106-0.107] 窗口=4 买变率=inf 卖变率=0.000 买量=441827.000000 卖量=0.000000 买条件=是 卖条件=否 上邻卖压下降=是 下邻买压下降=否 买持续=1/2 卖持续=0/2 成交量=0.000000 成交确认=否 发出=无
CANDIDATE BUY start=0.107 step=0.001 bid_rate=inf ask_rate=0.000 bid_vol=217007.000000 persist=1/2 trade_vol=0.000000
[2025-11-03 12:22:14] 合约=MINAUSDT 范围=[0.107-0.108] 窗口=4 买变率=inf 卖变率=0.000 买量=217007.000000 卖量=0.000000 买条件=是 卖条件=否 上邻卖压下降=是 下邻买压下降=否 买持续=1/2 卖持续=0/2 成交量=0.000000 成交确认=否 发出=无
CANDIDATE BUY start=0.108 step=0.001 bid_rate=inf ask_rate=0.000 bid_vol=137673.000000 persist=1/2 trade_vol=0.000000
[2025-11-03 12:22:14] 合约=MINAUSDT 范围=[0.108-0.109] 窗口=4 买变率=inf 卖变率=0.000 买量=137673.000000 卖量=0.000000 买条件=是 卖条件=否 上邻卖压下降=是 下邻买压下降=否 买持续=1/2 卖持续=0/2 成交量=0.000000 成交确认=否 发出=无
CANDIDATE BUY start=0.109 step=0.001 bid_rate=inf ask_rate=0.000 bid_vol=126327.000000 persist=1/2 trade_vol=0.000000
[2025-11-03 12:22:14] 合约=MINAUSDT 范围=[0.109-0.110] 窗口=4 买变率=inf 卖变率=0.000 买量=126327.000000 卖量=0.000000 买条件=是 卖条件=否 上邻卖压下降=是 下邻买压下降=否 买持续=1/2 卖持续=0/2 成交量=0.000000 成交确认=否 发出=无
CANDIDATE BUY start=0.110 step=0.001 bid_rate=inf ask_rate=0.000 bid_vol=159459.000000 persist=1/2 trade_vol=0.000000
[2025-11-03 12:22:14] 合约=MINAUSDT 范围=[0.110-0.111] 窗口=4 买变率=inf 卖变率=0.000 买量=159459.000000 卖量=0.000000 买条件=是 卖条件=否 上邻卖压下降=是 下邻买压下降=否 买持续=1/2 卖持续=0/2 成交量=0.000000 成交确认=否 发出=无
CANDIDATE BUY start=0.111 step=0.001 bid_rate=inf ask_rate=0.000 bid_vol=688443.000000 persist=1/2 trade_vol=0.000000
[2025-11-03 12:22:14] 合约=MINAUSDT 范围=[0.111-0.112] 窗口=4 买变率=inf 卖变率=0.000 买量=688443.000000 卖量=0.000000 买条件=是 卖条件=否 上邻卖压下降=是 下邻买压下降=否 买持续=1/2 卖持续=0/2 成交量=0.000000 成交确认=否 发出=无
CANDIDATE BUY start=0.112 step=0.001 bid_rate=inf ask_rate=0.000 bid_vol=441274.000000 persist=1/2 trade_vol=0.000000
[2025-11-03 12:22:14] 合约=MINAUSDT 范围=[0.112-0.113] 窗口=4 买变率=inf 卖变率=0.000 买量=441274.000000 卖量=0.000000 买条件=是 卖条件=否 上邻卖压下降=是 下邻买压下降=否 买持续=1/2 卖持续=0/2 成交量=0.000000 成交确认=否 发出=无
CANDIDATE BUY start=0.113 step=0.001 bid_rate=inf ask_rate=0.000 bid_vol=357864.000000 persist=1/2 trade_vol=0.000000
[2025-11-03 12:22:14] 合约=MINAUSDT 范围=[0.113-0.114] 窗口=4 买变率=inf 卖变率=0.000 买量=357864.000000 卖量=0.000000 买条件=是 卖条件=否 上邻卖压下降=是 下邻买压下降=否 买持续=1/2 卖持续=0/2 成交量=0.000000 成交确认=否 发出=无
CANDIDATE BUY start=0.114 step=0.001 bid_rate=inf ask_rate=0.000 bid_vol=229106.000000 persist=1/2 trade_vol=0.000000
[2025-11-03 12:22:14] 合约=MINAUSDT 范围=[0.114-0.115] 窗口=4 买变率=inf 卖变率=0.000 买量=229106.000000 卖量=0.000000 买条件=是 卖条件=否 上邻卖压下降=是 下邻买压下降=否 买持续=1/2 卖持续=0/2 成交量=0.000000 成交确认=否 发出=无
CANDIDATE BUY start=0.115 step=0.001 bid_rate=inf ask_rate=0.000 bid_vol=787577.000000 persist=1/2 trade_vol=0.000000
[2025-11-03 12:22:14] 合约=MINAUSDT 范围=[0.115-0.116] 窗口=4 买变率=inf 卖变率=0.000 买量=787577.000000 卖量=0.000000 买条件=是 卖条件=否 上邻卖压下降=是 下邻买压下降=否 买持续=1/2 卖持续=0/2 成交量=0.000000 成交确认=否 发出=无
CANDIDATE BUY start=0.116 step=0.001 bid_rate=inf ask_rate=0.000 bid_vol=815475.000000 persist=1/2 trade_vol=0.000000
[2025-11-03 12:22:14] 合约=MINAUSDT 范围=[0.116-0.117] 窗口=4 买变率=inf 卖变率=0.000 买量=815475.000000 卖量=0.000000 买条件=是 卖条件=否 上邻卖压下降=是 下邻买压下降=否 买持续=1/2 卖持续=0/2 成交量=0.000000 成交确认=否 发出=无
CANDIDATE BUY start=0.117 step=0.001 bid_rate=inf ask_rate=0.000 bid_vol=1504129.000000 persist=1/2 trade_vol=0.000000
[2025-11-03 12:22:14] 合约=MINAUSDT 范围=[0.117-0.118] 窗口=4 买变率=inf 卖变率=0.000 买量=1504129.000000 卖量=0.000000 买条件=是 卖条件=否 上邻卖压下降=是 下邻买压下降=否 买持续=1/2 卖持续=0/2 成交量=0.000000 成交确认=否 发出=无
CANDIDATE BUY start=0.118 step=0.001 bid_rate=inf ask_rate=0.000 bid_vol=1661202.000000 persist=1/2 trade_vol=0.000000
[2025-11-03 12:22:14] 合约=MINAUSDT 范围=[0.118-0.119] 窗口=4 买变率=inf 卖变率=0.000 买量=1661202.000000 卖量=0.000000 买条件=是 卖条件=否 上邻卖压下降=是 下邻买压下降=否 买持续=1/2 卖持续=0/2 成交量=0.000000 成交确认=否 发出=无
CANDIDATE BUY start=0.119 step=0.001 bid_rate=inf ask_rate=0.000 bid_vol=1746906.000000 persist=1/2 trade_vol=0.000000
[2025-11-03 12:22:14] 合约=MINAUSDT 范围=[0.119-0.120] 窗口=4 买变率=inf 卖变率=0.000 买量=1746906.000000 卖量=0.000000 买条件=是 卖条件=否 上邻卖压下降=是 下邻买压下降=否 买持续=1/2 卖持续=0/2 成交量=0.000000 成交确认=否 发出=无
CANDIDATE BUY start=0.120 step=0.001 bid_rate=inf ask_rate=0.000 bid_vol=2412194.000000 persist=1/2 trade_vol=0.000000
[2025-11-03 12:22:14] 合约=MINAUSDT 范围=[0.120-0.121] 窗口=4 买变率=inf 卖变率=0.000 买量=2412194.000000 卖量=0.000000 买条件=是 卖条件=否 上邻卖压下降=是 下邻买压下降=否 买持续=1/2 卖持续=0/2 成交量=0.000000 成交确认=否 发出=无
CANDIDATE BUY start=0.121 step=0.001 bid_rate=inf ask_rate=0.000 bid_vol=2894482.000000 persist=1/2 trade_vol=0.000000
[2025-11-03 12:22:14] 合约=MINAUSDT 范围=[0.121-0.122] 窗口=4 买变率=inf 卖变率=0.000 买量=2894482.000000 卖量=0.000000 买条件=是 卖条件=否 上邻卖压下降=是 下邻买压下降=否 买持续=1/2 卖持续=0/2 成交量=0.000000 成交确认=否 发出=无
CANDIDATE BUY start=0.122 step=0.001 bid_rate=inf ask_rate=0.000 bid_vol=3732012.000000 persist=1/2 trade_vol=0.000000
[2025-11-03 12:22:14] 合约=MINAUSDT 范围=[0.122-0.123] 窗口=4 买变率=inf 卖变率=0.000 买量=3732012.000000 卖量=0.000000 买条件=是 卖条件=否 上邻卖压下降=是 下邻买压下降=否 买持续=1/2 卖持续=0/2 成交量=0.000000 成交确认=否 发出=无
CANDIDATE BUY start=0.123 step=0.001 bid_rate=inf ask_rate=0.000 bid_vol=2275704.000000 persist=1/2 trade_vol=0.000000
[2025-11-03 12:22:14] 合约=MINAUSDT 范围=[0.123-0.124] 窗口=4 买变率=inf 卖变率=0.000 买量=2275704.000000 卖量=0.000000 买条件=是 卖条件=否 上邻卖压下降=否 下邻买压下降=否 买持续=1/2 卖持续=0/2 成交量=0.000000 成交确认=否 发出=无
CANDIDATE SELL start=0.125 step=0.001 ask_rate=inf bid_rate=0.000 ask_vol=2754683.000000 persist=1/2 trade_vol=0.000000
[2025-11-03 12:22:14] 合约=MINAUSDT 范围=[0.125-0.126] 窗口=4 买变率=0.000 卖变率=inf 买量=0.000000 卖量=2754683.000000 买条件=否 卖条件=是 上邻卖压下降=否 下邻买压下降=否 买持续=0/2 卖持续=1/2 成交量=0.000000 成交确认=否 发出=无
CANDIDATE SELL start=0.126 step=0.001 ask_rate=inf bid_rate=0.000 ask_vol=1949633.000000 persist=1/2 trade_vol=0.000000
[2025-11-03 12:22:14] 合约=MINAUSDT 范围=[0.126-0.127] 窗口=4 买变率=0.000 卖变率=inf 买量=0.000000 卖量=1949633.000000 买条件=否 卖条件=是 上邻卖压下降=否 下邻买压下降=是 买持续=0/2 卖持续=1/2 成交量=0.000000 成交确认=否 发出=无
CANDIDATE SELL start=0.127 step=0.001 ask_rate=inf bid_rate=0.000 ask_vol=1355797.000000 persist=1/2 trade_vol=0.000000
[2025-11-03 12:22:14] 合约=MINAUSDT 范围=[0.127-0.128] 窗口=4 买变率=0.000 卖变率=inf 买量=0.000000 卖量=1355797.000000 买条件=否 卖条件=是 上邻卖压下降=否 下邻买压下降=是 买持续=0/2 卖持续=1/2 成交量=0.000000 成交确认=否 发出=无
CANDIDATE SELL start=0.128 step=0.001 ask_rate=inf bid_rate=0.000 ask_vol=623153.000000 persist=1/2 trade_vol=0.000000
[2025-11-03 12:22:14] 合约=MINAUSDT 范围=[0.128-0.129] 窗口=4 买变率=0.000 卖变率=inf 买量=0.000000 卖量=623153.000000 买条件=否 卖条件=是 上邻卖压下降=否 下邻买压下降=是 买持续=0/2 卖持续=1/2 成交量=0.000000 成交确认=否 发出=无
CANDIDATE SELL start=0.129 step=0.001 ask_rate=inf bid_rate=0.000 ask_vol=226448.000000 persist=1/2 trade_vol=0.000000
[2025-11-03 12:22:14] 合约=MINAUSDT 范围=[0.129-0.130] 窗口=4 买变率=0.000 卖变率=inf 买量=0.000000 卖量=226448.000000 买条件=否 卖条件=是 上邻卖压下降=否 下邻买压下降=是 买持续=0/2 卖持续=1/2 成交量=0.000000 成交确认=否 发出=无
CANDIDATE SELL start=0.130 step=0.001 ask_rate=inf bid_rate=0.000 ask_vol=387058.000000 persist=1/2 trade_vol=0.000000
[2025-11-03 12:22:14] 合约=MINAUSDT 范围=[0.130-0.131] 窗口=4 买变率=0.000 卖变率=inf 买量=0.000000 卖量=387058.000000 买条件=否 卖条件=是 上邻卖压下降=否 下邻买压下降=是 买持续=0/2 卖持续=1/2 成交量=0.000000 成交确认=否 发出=无
CANDIDATE SELL start=0.131 step=0.001 ask_rate=inf bid_rate=0.000 ask_vol=646550.000000 persist=1/2 trade_vol=0.000000
[2025-11-03 12:22:14] 合约=MINAUSDT 范围=[0.131-0.132] 窗口=4 买变率=0.000 卖变率=inf 买量=0.000000 卖量=646550.000000 买条件=否 卖条件=是 上邻卖压下降=否 下邻买压下降=是 买持续=0/2 卖持续=1/2 成交量=0.000000 成交确认=否 发出=无
CANDIDATE SELL start=0.132 step=0.001 ask_rate=inf bid_rate=0.000 ask_vol=1636667.000000 persist=1/2 trade_vol=0.000000
[2025-11-03 12:22:14] 合约=MINAUSDT 范围=[0.132-0.133] 窗口=4 买变率=0.000 卖变率=inf 买量=0.000000 卖量=1636667.000000 买条件=否 卖条件=是 上邻卖压下降=否 下邻买压下降=是 买持续=0/2 卖持续=1/2 成交量=0.000000 成交确认=否 发出=无
CANDIDATE SELL start=0.133 step=0.001 ask_rate=inf bid_rate=0.000 ask_vol=660804.000000 persist=1/2 trade_vol=0.000000
[2025-11-03 12:22:14] 合约=MINAUSDT 范围=[0.133-0.134] 窗口=4 买变率=0.000 卖变率=inf 买量=0.000000 卖量=660804.000000 买条件=否 卖条件=是 上邻卖压下降=否 下邻买压下降=是 买持续=0/2 卖持续=1/2 成交量=0.000000 成交确认=否 发出=无
CANDIDATE SELL start=0.134 step=0.001 ask_rate=inf bid_rate=0.000 ask_vol=177722.000000 persist=1/2 trade_vol=0.000000
[2025-11-03 12:22:14] 合约=MINAUSDT 范围=[0.134-0.135] 窗口=4 买变率=0.000 卖变率=inf 买量=0.000000 卖量=177722.000000 买条件=否 卖条件=是 上邻卖压下降=否 下邻买压下降=是 买持续=0/2 卖持续=1/2 成交量=0.000000 成交确认=否 发出=无
CANDIDATE SELL start=0.135 step=0.001 ask_rate=inf bid_rate=0.000 ask_vol=442581.000000 persist=1/2 trade_vol=0.000000
[2025-11-03 12:22:14] 合约=MINAUSDT 范围=[0.135-0.136] 窗口=4 买变率=0.000 卖变率=inf 买量=0.000000 卖量=442581.000000 买条件=否 卖条件=是 上邻卖压下降=否 下邻买压下降=是 买持续=0/2 卖持续=1/2 成交量=0.000000 成交确认=否 发出=无
CANDIDATE SELL start=0.136 step=0.001 ask_rate=inf bid_rate=0.000 ask_vol=216166.000000 persist=1/2 trade_vol=0.000000
[2025-11-03 12:22:14] 合约=MINAUSDT 范围=[0.136-0.137] 窗口=4 买变率=0.000 卖变率=inf 买量=0.000000 卖量=216166.000000 买条件=否 卖条件=是 上邻卖压下降=否 下邻买压下降=是 买持续=0/2 卖持续=1/2 成交量=0.000000 成交确认=否 发出=无
CANDIDATE SELL start=0.137 step=0.001 ask_rate=inf bid_rate=0.000 ask_vol=250012.000000 persist=1/2 trade_vol=0.000000
[2025-11-03 12:22:14] 合约=MINAUSDT 范围=[0.137-0.138] 窗口=4 买变率=0.000 卖变率=inf 买量=0.000000 卖量=250012.000000 买条件=否 卖条件=是 上邻卖压下降=否 下邻买压下降=是 买持续=0/2 卖持续=1/2 成交量=0.000000 成交确认=否 发出=无
CANDIDATE SELL start=0.138 step=0.001 ask_rate=inf bid_rate=0.000 ask_vol=152307.000000 persist=1/2 trade_vol=0.000000
[2025-11-03 12:22:14] 合约=MINAUSDT 范围=[0.138-0.139] 窗口=4 买变率=0.000 卖变率=inf 买量=0.000000 卖量=152307.000000 买条件=否 卖条件=是 上邻卖压下降=否 下邻买压下降=是 买持续=0/2 卖持续=1/2 成交量=0.000000 成交确认=否 发出=无
CANDIDATE SELL start=0.139 step=0.001 ask_rate=inf bid_rate=0.000 ask_vol=83799.000000 persist=1/2 trade_vol=0.000000
[2025-11-03 12:22:14] 合约=MINAUSDT 范围=[0.139-0.140] 窗口=4 买变率=0.000 卖变率=inf 买量=0.000000 卖量=83799.000000 买条件=否 卖条件=是 上邻卖压下降=否 下邻买压下降=是 买持续=0/2 卖持续=1/2 成交量=0.000000 成交确认=否 发出=无
CANDIDATE SELL start=0.140 step=0.001 ask_rate=inf bid_rate=0.000 ask_vol=154359.000000 persist=1/2 trade_vol=0.000000
[2025-11-03 12:22:14] 合约=MINAUSDT 范围=[0.140-0.141] 窗口=4 买变率=0.000 卖变率=inf 买量=0.000000 卖量=154359.000000 买条件=否 卖条件=是 上邻卖压下降=否 下邻买压下降=是 买持续=0/2 卖持续=1/2 成交量=0.000000 成交确认=否 发出=无
CANDIDATE SELL start=0.141 step=0.001 ask_rate=inf bid_rate=0.000 ask_vol=128842.000000 persist=1/2 trade_vol=0.000000
[2025-11-03 12:22:14] 合约=MINAUSDT 范围=[0.141-0.142] 窗口=4 买变率=0.000 卖变率=inf 买量=0.000000 卖量=128842.000000 买条件=否 卖条件=是 上邻卖压下降=否 下邻买压下降=是 买持续=0/2 卖持续=1/2 成交量=0.000000 成交确认=否 发出=无
CANDIDATE SELL start=0.142 step=0.001 ask_rate=inf bid_rate=0.000 ask_vol=182758.000000 persist=1/2 trade_vol=0.000000
[2025-11-03 12:22:14] 合约=MINAUSDT 范围=[0.142-0.143] 窗口=4 买变率=0.000 卖变率=inf 买量=0.000000 卖量=182758.000000 买条件=否 卖条件=是 上邻卖压下降=否 下邻买压下降=是 买持续=0/2 卖持续=1/2 成交量=0.000000 成交确认=否 发出=无
CANDIDATE SELL start=0.143 step=0.001 ask_rate=inf bid_rate=0.000 ask_vol=57754.000000 persist=1/2 trade_vol=0.000000
[2025-11-03 12:22:14] 合约=MINAUSDT 范围=[0.143-0.144] 窗口=4 买变率=0.000 卖变率=inf 买量=0.000000 卖量=57754.000000 买条件=否 卖条件=是 上邻卖压下降=否 下邻买压下降=是 买持续=0/2 卖持续=1/2 成交量=0.000000 成交确认=否 发出=无
CANDIDATE SELL start=0.144 step=0.001 ask_rate=inf bid_rate=0.000 ask_vol=52013.000000 persist=1/2 trade_vol=0.000000
[2025-11-03 12:22:14] 合约=MINAUSDT 范围=[0.144-0.145] 窗口=4 买变率=0.000 卖变率=inf 买量=0.000000 卖量=52013.000000 买条件=否 卖条件=是 上邻卖压下降=否 下邻买压下降=是 买持续=0/2 卖持续=1/2 成交量=0.000000 成交确认=否 发出=无
CANDIDATE SELL start=0.145 step=0.001 ask_rate=inf bid_rate=0.000 ask_vol=84483.000000 persist=1/2 trade_vol=0.000000
[2025-11-03 12:22:14] 合约=MINAUSDT 范围=[0.145-0.146] 窗口=4 买变率=0.000 卖变率=inf 买量=0.000000 卖量=84483.000000 买条件=否 卖条件=是 上邻卖压下降=否 下邻买压下降=是 买持续=0/2 卖持续=1/2 成交量=0.000000 成交确认=否 发出=无
CANDIDATE SELL start=0.146 step=0.001 ask_rate=inf bid_rate=0.000 ask_vol=50159.000000 persist=1/2 trade_vol=0.000000
[2025-11-03 12:22:14] 合约=MINAUSDT 范围=[0.146-0.147] 窗口=4 买变率=0.000 卖变率=inf 买量=0.000000 卖量=50159.000000 买条件=否 卖条件=是 上邻卖压下降=否 下邻买压下降=是 买持续=0/2 卖持续=1/2 成交量=0.000000 成交确认=否 发出=无
CANDIDATE SELL start=0.147 step=0.001 ask_rate=inf bid_rate=0.000 ask_vol=63263.000000 persist=1/2 trade_vol=0.000000
[2025-11-03 12:22:14] 合约=MINAUSDT 范围=[0.147-0.148] 窗口=4 买变率=0.000 卖变率=inf 买量=0.000000 卖量=63263.000000 买条件=否 卖条件=是 上邻卖压下降=否 下邻买压下降=是 买持续=0/2 卖持续=1/2 成交量=0.000000 成交确认=否 发出=无
CANDIDATE SELL start=0.148 step=0.001 ask_rate=inf bid_rate=0.000 ask_vol=59100.000000 persist=1/2 trade_vol=0.000000
[2025-11-03 12:22:14] 合约=MINAUSDT 范围=[0.148-0.149] 窗口=4 买变率=0.000 卖变率=inf 买量=0.000000 卖量=59100.000000 买条件=否 卖条件=是 上邻卖压下降=否 下邻买压下降=是 买持续=0/2 卖持续=1/2 成交量=0.000000 成交确认=否 发出=无
CANDIDATE SELL start=0.149 step=0.001 ask_rate=inf bid_rate=0.000 ask_vol=100379.000000 persist=1/2 trade_vol=0.000000
[2025-11-03 12:22:14] 合约=MINAUSDT 范围=[0.149-0.150] 窗口=4 买变率=0.000 卖变率=inf 买量=0.000000 卖量=100379.000000 买条件=否 卖条件=是 上邻卖压下降=否 下邻买压下降=是 买持续=0/2 卖持续=1/2 成交量=0.000000 成交确认=否 发出=无
CANDIDATE SELL start=0.150 step=0.001 ask_rate=inf bid_rate=0.000 ask_vol=434218.000000 persist=1/2 trade_vol=0.000000
[2025-11-03 12:22:14] 合约=MINAUSDT 范围=[0.150-0.151] 窗口=4 买变率=0.000 卖变率=inf 买量=0.000000 卖量=434218.000000 买条件=否 卖条件=是 上邻卖压下降=否 下邻买压下降=是 买持续=0/2 卖持续=1/2 成交量=0.000000 成交确认=否 发出=无
CANDIDATE SELL start=0.151 step=0.001 ask_rate=inf bid_rate=0.000 ask_vol=14742.000000 persist=1/2 trade_vol=0.000000
[2025-11-03 12:22:14] 合约=MINAUSDT 范围=[0.151-0.152] 窗口=4 买变率=0.000 卖变率=inf 买量=0.000000 卖量=14742.000000 买条件=否 卖条件=是 上邻卖压下降=否 下邻买压下降=是 买持续=0/2 卖持续=1/2 成交量=0.000000 成交确认=否 发出=无
CANDIDATE SELL start=0.152 step=0.001 ask_rate=inf bid_rate=0.000 ask_vol=64608.000000 persist=1/2 trade_vol=0.000000
[2025-11-03 12:22:14] 合约=MINAUSDT 范围=[0.152-0.153] 窗口=4 买变率=0.000 卖变率=inf 买量=0.000000 卖量=64608.000000 买条件=否 卖条件=是 上邻卖压下降=否 下邻买压下降=是 买持续=0/2 卖持续=1/2 成交量=0.000000 成交确认=否 发出=无
CANDIDATE SELL start=0.153 step=0.001 ask_rate=inf bid_rate=0.000 ask_vol=37787.000000 persist=1/2 trade_vol=0.000000
[2025-11-03 12:22:14] 合约=MINAUSDT 范围=[0.153-0.154] 窗口=4 买变率=0.000 卖变率=inf 买量=0.000000 卖量=37787.000000 买条件=否 卖条件=是 上邻卖压下降=否 下邻买压下降=是 买持续=0/2 卖持续=1/2 成交量=0.000000 成交确认=否 发出=无
CANDIDATE SELL start=0.154 step=0.001 ask_rate=inf bid_rate=0.000 ask_vol=24608.000000 persist=1/2 trade_vol=0.000000
[2025-11-03 12:22:14] 合约=MINAUSDT 范围=[0.154-0.155] 窗口=4 买变率=0.000 卖变率=inf 买量=0.000000 卖量=24608.000000 买条件=否 卖条件=是 上邻卖压下降=否 下邻买压下降=是 买持续=0/2 卖持续=1/2 成交量=0.000000 成交确认=否 发出=无
CANDIDATE SELL start=0.155 step=0.001 ask_rate=inf bid_rate=0.000 ask_vol=189974.000000 persist=1/2 trade_vol=0.000000
[2025-11-03 12:22:14] 合约=MINAUSDT 范围=[0.155-0.156] 窗口=4 买变率=0.000 卖变率=inf 买量=0.000000 卖量=189974.000000 买条件=否 卖条件=是 上邻卖压下降=否 下邻买压下降=是 买持续=0/2 卖持续=1/2 成交量=0.000000 成交确认=否 发出=无
CANDIDATE SELL start=0.156 step=0.001 ask_rate=inf bid_rate=0.000 ask_vol=13176.000000 persist=1/2 trade_vol=0.000000
[2025-11-03 12:22:14] 合约=MINAUSDT 范围=[0.156-0.157] 窗口=4 买变率=0.000 卖变率=inf 买量=0.000000 卖量=13176.000000 买条件=否 卖条件=是 上邻卖压下降=否 下邻买压下降=是 买持续=0/2 卖持续=1/2 成交量=0.000000 成交确认=否 发出=无
CANDIDATE SELL start=0.157 step=0.001 ask_rate=inf bid_rate=0.000 ask_vol=80713.000000 persist=1/2 trade_vol=0.000000
[2025-11-03 12:22:14] 合约=MINAUSDT 范围=[0.157-0.158] 窗口=4 买变率=0.000 卖变率=inf 买量=0.000000 卖量=80713.000000 买条件=否 卖条件=是 上邻卖压下降=否 下邻买压下降=是 买持续=0/2 卖持续=1/2 成交量=0.000000 成交确认=否 发出=无
CANDIDATE SELL start=0.158 step=0.001 ask_rate=inf bid_rate=0.000 ask_vol=22747.000000 persist=1/2 trade_vol=0.000000
[2025-11-03 12:22:14] 合约=MINAUSDT 范围=[0.158-0.159] 窗口=4 买变率=0.000 卖变率=inf 买量=0.000000 卖量=22747.000000 买条件=否 卖条件=是 上邻卖压下降=否 下邻买压下降=是 买持续=0/2 卖持续=1/2 成交量=0.000000 成交确认=否 发出=无
CANDIDATE SELL start=0.159 step=0.001 ask_rate=inf bid_rate=0.000 ask_vol=259224.000000 persist=1/2 trade_vol=0.000000
[2025-11-03 12:22:14] 合约=MINAUSDT 范围=[0.159-0.160] 窗口=4 买变率=0.000 卖变率=inf 买量=0.000000 卖量=259224.000000 买条件=否 卖条件=是 上邻卖压下降=否 下邻买压下降=是 买持续=0/2 卖持续=1/2 成交量=0.000000 成交确认=否 发出=无
CANDIDATE SELL start=0.160 step=0.001 ask_rate=inf bid_rate=0.000 ask_vol=280878.000000 persist=1/2 trade_vol=0.000000
[2025-11-03 12:22:14] 合约=MINAUSDT 范围=[0.160-0.161] 窗口=4 买变率=0.000 卖变率=inf 买量=0.000000 卖量=280878.000000 买条件=否 卖条件=是 上邻卖压下降=否 下邻买压下降=是 买持续=0/2 卖持续=1/2 成交量=0.000000 成交确认=否 发出=无
CANDIDATE SELL start=0.161 step=0.001 ask_rate=inf bid_rate=0.000 ask_vol=61518.000000 persist=1/2 trade_vol=0.000000
[2025-11-03 12:22:14] 合约=MINAUSDT 范围=[0.161-0.162] 窗口=4 买变率=0.000 卖变率=inf 买量=0.000000 卖量=61518.000000 买条件=否 卖条件=是 上邻卖压下降=否 下邻买压下降=是 买持续=0/2 卖持续=1/2 成交量=0.000000 成交确认=否 发出=无
CANDIDATE SELL start=0.162 step=0.001 ask_rate=inf bid_rate=0.000 ask_vol=75884.000000 persist=1/2 trade_vol=0.000000
[2025-11-03 12:22:14] 合约=MINAUSDT 范围=[0.162-0.163] 窗口=4 买变率=0.000 卖变率=inf 买量=0.000000 卖量=75884.000000 买条件=否 卖条件=是 上邻卖压下降=否 下邻买压下降=是 买持续=0/2 卖持续=1/2 成交量=0.000000 成交确认=否 发出=无
CANDIDATE SELL start=0.163 step=0.001 ask_rate=inf bid_rate=0.000 ask_vol=73294.000000 persist=1/2 trade_vol=0.000000
[2025-11-03 12:22:14] 合约=MINAUSDT 范围=[0.163-0.164] 窗口=4 买变率=0.000 卖变率=inf 买量=0.000000 卖量=73294.000000 买条件=否 卖条件=是 上邻卖压下降=否 下邻买压下降=是 买持续=0/2 卖持续=1/2 成交量=0.000000 成交确认=否 发出=无
CANDIDATE SELL start=0.164 step=0.001 ask_rate=inf bid_rate=0.000 ask_vol=20110.000000 persist=1/2 trade_vol=0.000000
[2025-11-03 12:22:14] 合约=MINAUSDT 范围=[0.164-0.165] 窗口=4 买变率=0.000 卖变率=inf 买量=0.000000 卖量=20110.000000 买条件=否 卖条件=是 上邻卖压下降=否 下邻买压下降=是 买持续=0/2 卖持续=1/2 成交量=0.000000 成交确认=否 发出=无
CANDIDATE SELL start=0.165 step=0.001 ask_rate=inf bid_rate=0.000 ask_vol=241023.000000 persist=1/2 trade_vol=0.000000
[2025-11-03 12:22:14] 合约=MINAUSDT 范围=[0.165-0.166] 窗口=4 买变率=0.000 卖变率=inf 买量=0.000000 卖量=241023.000000 买条件=否 卖条件=是 上邻卖压下降=否 下邻买压下降=是 买持续=0/2 卖持续=1/2 成交量=0.000000 成交确认=否 发出=无
CANDIDATE SELL start=0.166 step=0.001 ask_rate=inf bid_rate=0.000 ask_vol=29056.000000 persist=1/2 trade_vol=0.000000
[2025-11-03 12:22:14] 合约=MINAUSDT 范围=[0.166-0.167] 窗口=4 买变率=0.000 卖变率=inf 买量=0.000000 卖量=29056.000000 买条件=否 卖条件=是 上邻卖压下降=否 下邻买压下降=是 买持续=0/2 卖持续=1/2 成交量=0.000000 成交确认=否 发出=无
CANDIDATE SELL start=0.167 step=0.001 ask_rate=inf bid_rate=0.000 ask_vol=262707.000000 persist=1/2 trade_vol=0.000000
[2025-11-03 12:22:14] 合约=MINAUSDT 范围=[0.167-0.168] 窗口=4 买变率=0.000 卖变率=inf 买量=0.000000 卖量=262707.000000 买条件=否 卖条件=是 上邻卖压下降=否 下邻买压下降=是 买持续=0/2 卖持续=1/2 成交量=0.000000 成交确认=否 发出=无
CANDIDATE SELL start=0.168 step=0.001 ask_rate=inf bid_rate=0.000 ask_vol=64919.000000 persist=1/2 trade_vol=0.000000
[2025-11-03 12:22:14] 合约=MINAUSDT 范围=[0.168-0.169] 窗口=4 买变率=0.000 卖变率=inf 买量=0.000000 卖量=64919.000000 买条件=否 卖条件=是 上邻卖压下降=否 下邻买压下降=是 买持续=0/2 卖持续=1/2 成交量=0.000000 成交确认=否 发出=无
CANDIDATE SELL start=0.169 step=0.001 ask_rate=inf bid_rate=0.000 ask_vol=158697.000000 persist=1/2 trade_vol=0.000000
[2025-11-03 12:22:14] 合约=MINAUSDT 范围=[0.169-0.170] 窗口=4 买变率=0.000 卖变率=inf 买量=0.000000 卖量=158697.000000 买条件=否 卖条件=是 上邻卖压下降=否 下邻买压下降=是 买持续=0/2 卖持续=1/2 成交量=0.000000 成交确认=否 发出=无
CANDIDATE SELL start=0.170 step=0.001 ask_rate=inf bid_rate=0.000 ask_vol=163720.000000 persist=1/2 trade_vol=0.000000
[2025-11-03 12:22:14] 合约=MINAUSDT 范围=[0.170-0.171] 窗口=4 买变率=0.000 卖变率=inf 买量=0.000000 卖量=163720.000000 买条件=否 卖条件=是 上邻卖压下降=否 下邻买压下降=是 买持续=0/2 卖持续=1/2 成交量=0.000000 成交确认=否 发出=无
CANDIDATE SELL start=0.171 step=0.001 ask_rate=inf bid_rate=0.000 ask_vol=37772.000000 persist=1/2 trade_vol=0.000000
[2025-11-03 12:22:14] 合约=MINAUSDT 范围=[0.171-0.172] 窗口=4 买变率=0.000 卖变率=inf 买量=0.000000 卖量=37772.000000 买条件=否 卖条件=是 上邻卖压下降=否 下邻买压下降=是 买持续=0/2 卖持续=1/2 成交量=0.000000 成交确认=否 发出=无
CANDIDATE SELL start=0.172 step=0.001 ask_rate=inf bid_rate=0.000 ask_vol=5660.000000 persist=1/2 trade_vol=0.000000
[2025-11-03 12:22:14] 合约=MINAUSDT 范围=[0.172-0.173] 窗口=4 买变率=0.000 卖变率=inf 买量=0.000000 卖量=5660.000000 买条件=否 卖条件=是 上邻卖压下降=否 下邻买压下降=是 买持续=0/2 卖持续=1/2 成交量=0.000000 成交确认=否 发出=无
CANDIDATE SELL start=0.173 step=0.001 ask_rate=inf bid_rate=0.000 ask_vol=69828.000000 persist=1/2 trade_vol=0.000000
[2025-11-03 12:22:14] 合约=MINAUSDT 范围=[0.173-0.174] 窗口=4 买变率=0.000 卖变率=inf 买量=0.000000 卖量=69828.000000 买条件=否 卖条件=是 上邻卖压下降=否 下邻买压下降=是 买持续=0/2 卖持续=1/2 成交量=0.000000 成交确认=否 发出=无
CANDIDATE SELL start=0.174 step=0.001 ask_rate=inf bid_rate=0.000 ask_vol=50171.000000 persist=1/2 trade_vol=0.000000
[2025-11-03 12:22:14] 合约=MINAUSDT 范围=[0.174-0.175] 窗口=4 买变率=0.000 卖变率=inf 买量=0.000000 卖量=50171.000000 买条件=否 卖条件=是 上邻卖压下降=否 下邻买压下降=是 买持续=0/2 卖持续=1/2 成交量=0.000000 成交确认=否 发出=无
CANDIDATE SELL start=0.175 step=0.001 ask_rate=inf bid_rate=0.000 ask_vol=109046.000000 persist=1/2 trade_vol=0.000000
[2025-11-03 12:22:14] 合约=MINAUSDT 范围=[0.175-0.176] 窗口=4 买变率=0.000 卖变率=inf 买量=0.000000 卖量=109046.000000 买条件=否 卖条件=是 上邻卖压下降=否 下邻买压下降=是 买持续=0/2 卖持续=1/2 成交量=0.000000 成交确认=否 发出=无
CANDIDATE SELL start=0.176 step=0.001 ask_rate=inf bid_rate=0.000 ask_vol=126460.000000 persist=1/2 trade_vol=0.000000
[2025-11-03 12:22:14] 合约=MINAUSDT 范围=[0.176-0.177] 窗口=4 买变率=0.000 卖变率=inf 买量=0.000000 卖量=126460.000000 买条件=否 卖条件=是 上邻卖压下降=否 下邻买压下降=是 买持续=0/2 卖持续=1/2 成交量=0.000000 成交确认=否 发出=无
CANDIDATE SELL start=0.177 step=0.001 ask_rate=inf bid_rate=0.000 ask_vol=18724.000000 persist=1/2 trade_vol=0.000000
[2025-11-03 12:22:14] 合约=MINAUSDT 范围=[0.177-0.178] 窗口=4 买变率=0.000 卖变率=inf 买量=0.000000 卖量=18724.000000 买条件=否 卖条件=是 上邻卖压下降=否 下邻买压下降=是 买持续=0/2 卖持续=1/2 成交量=0.000000 成交确认=否 发出=无
CANDIDATE SELL start=0.178 step=0.001 ask_rate=inf bid_rate=0.000 ask_vol=11293.000000 persist=1/2 trade_vol=0.000000
[2025-11-03 12:22:14] 合约=MINAUSDT 范围=[0.178-0.179] 窗口=4 买变率=0.000 卖变率=inf 买量=0.000000 卖量=11293.000000 买条件=否 卖条件=是 上邻卖压下降=否 下邻买压下降=是 买持续=0/2 卖持续=1/2 成交量=0.000000 成交确认=否 发出=无
CANDIDATE SELL start=0.179 step=0.001 ask_rate=inf bid_rate=0.000 ask_vol=62973.000000 persist=1/2 trade_vol=0.000000
[2025-11-03 12:22:14] 合约=MINAUSDT 范围=[0.179-0.180] 窗口=4 买变率=0.000 卖变率=inf 买量=0.000000 卖量=62973.000000 买条件=否 卖条件=是 上邻卖压下降=否 下邻买压下降=是 买持续=0/2 卖持续=1/2 成交量=0.000000 成交确认=否 发出=无
CANDIDATE SELL start=0.180 step=0.001 ask_rate=inf bid_rate=0.000 ask_vol=189289.000000 persist=1/2 trade_vol=0.000000
[2025-11-03 12:22:14] 合约=MINAUSDT 范围=[0.180-0.181] 窗口=4 买变率=0.000 卖变率=inf 买量=0.000000 卖量=189289.000000 买条件=否 卖条件=是 上邻卖压下降=否 下邻买压下降=是 买持续=0/2 卖持续=1/2 成交量=0.000000 成交确认=否 发出=无
CANDIDATE SELL start=0.181 step=0.001 ask_rate=inf bid_rate=0.000 ask_vol=17246.000000 persist=1/2 trade_vol=0.000000
[2025-11-03 12:22:14] 合约=MINAUSDT 范围=[0.181-0.182] 窗口=4 买变率=0.000 卖变率=inf 买量=0.000000 卖量=17246.000000 买条件=否 卖条件=是 上邻卖压下降=否 下邻买压下降=是 买持续=0/2 卖持续=1/2 成交量=0.000000 成交确认=否 发出=无
CANDIDATE SELL start=0.182 step=0.001 ask_rate=inf bid_rate=0.000 ask_vol=19190.000000 persist=1/2 trade_vol=0.000000
[2025-11-03 12:22:14] 合约=MINAUSDT 范围=[0.182-0.183] 窗口=4 买变率=0.000 卖变率=inf 买量=0.000000 卖量=19190.000000 买条件=否 卖条件=是 上邻卖压下降=否 下邻买压下降=是 买持续=0/2 卖持续=1/2 成交量=0.000000 成交确认=否 发出=无
CANDIDATE SELL start=0.183 step=0.001 ask_rate=inf bid_rate=0.000 ask_vol=63094.000000 persist=1/2 trade_vol=0.000000
[2025-11-03 12:22:14] 合约=MINAUSDT 范围=[0.183-0.184] 窗口=4 买变率=0.000 卖变率=inf 买量=0.000000 卖量=63094.000000 买条件=否 卖条件=是 上邻卖压下降=否 下邻买压下降=是 买持续=0/2 卖持续=1/2 成交量=0.000000 成交确认=否 发出=无
CANDIDATE SELL start=0.184 step=0.001 ask_rate=inf bid_rate=0.000 ask_vol=28595.000000 persist=1/2 trade_vol=0.000000
[2025-11-03 12:22:14] 合约=MINAUSDT 范围=[0.184-0.185] 窗口=4 买变率=0.000 卖变率=inf 买量=0.000000 卖量=28595.000000 买条件=否 卖条件=是 上邻卖压下降=否 下邻买压下降=是 买持续=0/2 卖持续=1/2 成交量=0.000000 成交确认=否 发出=无
CANDIDATE SELL start=0.185 step=0.001 ask_rate=inf bid_rate=0.000 ask_vol=18901.000000 persist=1/2 trade_vol=0.000000
[2025-11-03 12:22:14] 合约=MINAUSDT 范围=[0.185-0.186] 窗口=4 买变率=0.000 卖变率=inf 买量=0.000000 卖量=18901.000000 买条件=否 卖条件=是 上邻卖压下降=否 下邻买压下降=是 买持续=0/2 卖持续=1/2 成交量=0.000000 成交确认=否 发出=无
CANDIDATE SELL start=0.186 step=0.001 ask_rate=inf bid_rate=0.000 ask_vol=94193.000000 persist=1/2 trade_vol=0.000000
[2025-11-03 12:22:14] 合约=MINAUSDT 范围=[0.186-0.187] 窗口=4 买变率=0.000 卖变率=inf 买量=0.000000 卖量=94193.000000 买条件=否 卖条件=是 上邻卖压下降=否 下邻买压下降=是 买持续=0/2 卖持续=1/2 成交量=0.000000 成交确认=否 发出=无
CANDIDATE SELL start=0.187 step=0.001 ask_rate=inf bid_rate=0.000 ask_vol=107112.000000 persist=1/2 trade_vol=0.000000
[2025-11-03 12:22:14] 合约=MINAUSDT 范围=[0.187-0.188] 窗口=4 买变率=0.000 卖变率=inf 买量=0.000000 卖量=107112.000000 买条件=否 卖条件=是 上邻卖压下降=否 下邻买压下降=是 买持续=0/2 卖持续=1/2 成交量=0.000000 成交确认=否 发出=无
CANDIDATE SELL start=0.188 step=0.001 ask_rate=inf bid_rate=0.000 ask_vol=44109.000000 persist=1/2 trade_vol=0.000000
[2025-11-03 12:22:14] 合约=MINAUSDT 范围=[0.188-0.189] 窗口=4 买变率=0.000 卖变率=inf 买量=0.000000 卖量=44109.000000 买条件=否 卖条件=是 上邻卖压下降=否 下邻买压下降=是 买持续=0/2 卖持续=1/2 成交量=0.000000 成交确认=否 发出=无
CANDIDATE SELL start=0.189 step=0.001 ask_rate=inf bid_rate=0.000 ask_vol=9100.000000 persist=1/2 trade_vol=0.000000
[2025-11-03 12:22:14] 合约=MINAUSDT 范围=[0.189-0.190] 窗口=4 买变率=0.000 卖变率=inf 买量=0.000000 卖量=9100.000000 买条件=否 卖条件=是 上邻卖压下降=否 下邻买压下降=是 买持续=0/2 卖持续=1/2 成交量=0.000000 成交确认=否 发出=无
CANDIDATE SELL start=0.190 step=0.001 ask_rate=inf bid_rate=0.000 ask_vol=92787.000000 persist=1/2 trade_vol=0.000000
[2025-11-03 12:22:14] 合约=MINAUSDT 范围=[0.190-0.191] 窗口=4 买变率=0.000 卖变率=inf 买量=0.000000 卖量=92787.000000 买条件=否 卖条件=是 上邻卖压下降=否 下邻买压下降=是 买持续=0/2 卖持续=1/2 成交量=0.000000 成交确认=否 发出=无
CANDIDATE SELL start=0.191 step=0.001 ask_rate=inf bid_rate=0.000 ask_vol=2791.000000 persist=1/2 trade_vol=0.000000
[2025-11-03 12:22:14] 合约=MINAUSDT 范围=[0.191-0.192] 窗口=4 买变率=0.000 卖变率=inf 买量=0.000000 卖量=2791.000000 买条件=否 卖条件=是 上邻卖压下降=否 下邻买压下降=是 买持续=0/2 卖持续=1/2 成交量=0.000000 成交确认=否 发出=无
CANDIDATE SELL start=0.192 step=0.001 ask_rate=inf bid_rate=0.000 ask_vol=2152.000000 persist=1/2 trade_vol=0.000000
[2025-11-03 12:22:14] 合约=MINAUSDT 范围=[0.192-0.193] 窗口=4 买变率=0.000 卖变率=inf 买量=0.000000 卖量=2152.000000 买条件=否 卖条件=是 上邻卖压下降=否 下邻买压下降=是 买持续=0/2 卖持续=1/2 成交量=0.000000 成交确认=否 发出=无
CANDIDATE SELL start=0.193 step=0.001 ask_rate=inf bid_rate=0.000 ask_vol=22390.000000 persist=1/2 trade_vol=0.000000
[2025-11-03 12:22:14] 合约=MINAUSDT 范围=[0.193-0.194] 窗口=4 买变率=0.000 卖变率=inf 买量=0.000000 卖量=22390.000000 买条件=否 卖条件=是 上邻卖压下降=否 下邻买压下降=是 买持续=0/2 卖持续=1/2 成交量=0.000000 成交确认=否 发出=无
CANDIDATE SELL start=0.194 step=0.001 ask_rate=inf bid_rate=0.000 ask_vol=72007.000000 persist=1/2 trade_vol=0.000000
[2025-11-03 12:22:14] 合约=MINAUSDT 范围=[0.194-0.195] 窗口=4 买变率=0.000 卖变率=inf 买量=0.000000 卖量=72007.000000 买条件=否 卖条件=是 上邻卖压下降=否 下邻买压下降=是 买持续=0/2 卖持续=1/2 成交量=0.000000 成交确认=否 发出=无
CANDIDATE SELL start=0.195 step=0.001 ask_rate=inf bid_rate=0.000 ask_vol=8060.000000 persist=1/2 trade_vol=0.000000
[2025-11-03 12:22:14] 合约=MINAUSDT 范围=[0.195-0.196] 窗口=4 买变率=0.000 卖变率=inf 买量=0.000000 卖量=8060.000000 买条件=否 卖条件=是 上邻卖压下降=否 下邻买压下降=是 买持续=0/2 卖持续=1/2 成交量=0.000000 成交确认=否 发出=无
CANDIDATE SELL start=0.196 step=0.001 ask_rate=inf bid_rate=0.000 ask_vol=4476.000000 persist=1/2 trade_vol=0.000000
[2025-11-03 12:22:14] 合约=MINAUSDT 范围=[0.196-0.197] 窗口=4 买变率=0.000 卖变率=inf 买量=0.000000 卖量=4476.000000 买条件=否 卖条件=是 上邻卖压下降=否 下邻买压下降=是 买持续=0/2 卖持续=1/2 成交量=0.000000 成交确认=否 发出=无
CANDIDATE SELL start=0.197 step=0.001 ask_rate=inf bid_rate=0.000 ask_vol=2114.000000 persist=1/2 trade_vol=0.000000
[2025-11-03 12:22:14] 合约=MINAUSDT 范围=[0.197-0.198] 窗口=4 买变率=0.000 卖变率=inf 买量=0.000000 卖量=2114.000000 买条件=否 卖条件=是 上邻卖压下降=否 下邻买压下降=是 买持续=0/2 卖持续=1/2 成交量=0.000000 成交确认=否 发出=无
CANDIDATE SELL start=0.198 step=0.001 ask_rate=inf bid_rate=0.000 ask_vol=60194.000000 persist=1/2 trade_vol=0.000000
[2025-11-03 12:22:14] 合约=MINAUSDT 范围=[0.198-0.199] 窗口=4 买变率=0.000 卖变率=inf 买量=0.000000 卖量=60194.000000 买条件=否 卖条件=是 上邻卖压下降=否 下邻买压下降=是 买持续=0/2 卖持续=1/2 成交量=0.000000 成交确认=否 发出=无
CANDIDATE SELL start=0.199 step=0.001 ask_rate=inf bid_rate=0.000 ask_vol=10676.000000 persist=1/2 trade_vol=0.000000
[2025-11-03 12:22:14] 合约=MINAUSDT 范围=[0.199-0.200] 窗口=4 买变率=0.000 卖变率=inf 买量=0.000000 卖量=10676.000000 买条件=否 卖条件=是 上邻卖压下降=否 下邻买压下降=是 买持续=0/2 卖持续=1/2 成交量=0.000000 成交确认=否 发出=无
CANDIDATE SELL start=0.200 step=0.001 ask_rate=inf bid_rate=0.000 ask_vol=107706.000000 persist=1/2 trade_vol=0.000000
[2025-11-03 12:22:14] 合约=MINAUSDT 范围=[0.200-0.201] 窗口=4 买变率=0.000 卖变率=inf 买量=0.000000 卖量=107706.000000 买条件=否 卖条件=是 上邻卖压下降=否 下邻买压下降=是 买持续=0/2 卖持续=1/2 成交量=0.000000 成交确认=否 发出=无
CANDIDATE SELL start=0.201 step=0.001 ask_rate=inf bid_rate=0.000 ask_vol=1595.000000 persist=1/2 trade_vol=0.000000
[2025-11-03 12:22:14] 合约=MINAUSDT 范围=[0.201-0.202] 窗口=4 买变率=0.000 卖变率=inf 买量=0.000000 卖量=1595.000000 买条件=否 卖条件=是 上邻卖压下降=否 下邻买压下降=是 买持续=0/2 卖持续=1/2 成交量=0.000000 成交确认=否 发出=无
CANDIDATE SELL start=0.202 step=0.001 ask_rate=inf bid_rate=0.000 ask_vol=547.000000 persist=1/2 trade_vol=0.000000
[2025-11-03 12:22:14] 合约=MINAUSDT 范围=[0.202-0.203] 窗口=4 买变率=0.000 卖变率=inf 买量=0.000000 卖量=547.000000 买条件=否 卖条件=是 上邻卖压下降=否 下邻买压下降=是 买持续=0/2 卖持续=1/2 成交量=0.000000 成交确认=否 发出=无
CANDIDATE SELL start=0.203 step=0.001 ask_rate=inf bid_rate=0.000 ask_vol=1480.000000 persist=1/2 trade_vol=0.000000
[2025-11-03 12:22:14] 合约=MINAUSDT 范围=[0.203-0.204] 窗口=4 买变率=0.000 卖变率=inf 买量=0.000000 卖量=1480.000000 买条件=否 卖条件=是 上邻卖压下降=否 下邻买压下降=是 买持续=0/2 卖持续=1/2 成交量=0.000000 成交确认=否 发出=无
CANDIDATE SELL start=0.204 step=0.001 ask_rate=inf bid_rate=0.000 ask_vol=4640.000000 persist=1/2 trade_vol=0.000000
[2025-11-03 12:22:14] 合约=MINAUSDT 范围=[0.204-0.205] 窗口=4 买变率=0.000 卖变率=inf 买量=0.000000 卖量=4640.000000 买条件=否 卖条件=是 上邻卖压下降=否 下邻买压下降=是 买持续=0/2 卖持续=1/2 成交量=0.000000 成交确认=否 发出=无
CANDIDATE SELL start=0.205 step=0.001 ask_rate=inf bid_rate=0.000 ask_vol=1181.000000 persist=1/2 trade_vol=0.000000
[2025-11-03 12:22:14] 合约=MINAUSDT 范围=[0.205-0.206] 窗口=4 买变率=0.000 卖变率=inf 买量=0.000000 卖量=1181.000000 买条件=否 卖条件=是 上邻卖压下降=否 下邻买压下降=是 买持续=0/2 卖持续=1/2 成交量=0.000000 成交确认=否 发出=无
CANDIDATE SELL start=0.206 step=0.001 ask_rate=inf bid_rate=0.000 ask_vol=8942.000000 persist=1/2 trade_vol=0.000000
[2025-11-03 12:22:14] 合约=MINAUSDT 范围=[0.206-0.207] 窗口=4 买变率=0.000 卖变率=inf 买量=0.000000 卖量=8942.000000 买条件=否 卖条件=是 上邻卖压下降=否 下邻买压下降=是 买持续=0/2 卖持续=1/2 成交量=0.000000 成交确认=否 发出=无
CANDIDATE SELL start=0.207 step=0.001 ask_rate=inf bid_rate=0.000 ask_vol=23248.000000 persist=1/2 trade_vol=0.000000
[2025-11-03 12:22:14] 合约=MINAUSDT 范围=[0.207-0.208] 窗口=4 买变率=0.000 卖变率=inf 买量=0.000000 卖量=23248.000000 买条件=否 卖条件=是 上邻卖压下降=否 下邻买压下降=是 买持续=0/2 卖持续=1/2 成交量=0.000000 成交确认=否 发出=无
CANDIDATE SELL start=0.208 step=0.001 ask_rate=inf bid_rate=0.000 ask_vol=483.000000 persist=1/2 trade_vol=0.000000
[2025-11-03 12:22:14] 合约=MINAUSDT 范围=[0.208-0.209] 窗口=4 买变率=0.000 卖变率=inf 买量=0.000000 卖量=483.000000 买条件=否 卖条件=是 上邻卖压下降=否 下邻买压下降=是 买持续=0/2 卖持续=1/2 成交量=0.000000 成交确认=否 发出=无
CANDIDATE SELL start=0.209 step=0.001 ask_rate=inf bid_rate=0.000 ask_vol=1408.000000 persist=1/2 trade_vol=0.000000
[2025-11-03 12:22:14] 合约=MINAUSDT 范围=[0.209-0.210] 窗口=4 买变率=0.000 卖变率=inf 买量=0.000000 卖量=1408.000000 买条件=否 卖条件=是 上邻卖压下降=否 下邻买压下降=是 买持续=0/2 卖持续=1/2 成交量=0.000000 成交确认=否 发出=无
CANDIDATE SELL start=0.210 step=0.001 ask_rate=inf bid_rate=0.000 ask_vol=92690.000000 persist=1/2 trade_vol=0.000000
[2025-11-03 12:22:14] 合约=MINAUSDT 范围=[0.210-0.211] 窗口=4 买变率=0.000 卖变率=inf 买量=0.000000 卖量=92690.000000 买条件=否 卖条件=是 上邻卖压下降=否 下邻买压下降=是 买持续=0/2 卖持续=1/2 成交量=0.000000 成交确认=否 发出=无
CANDIDATE SELL start=0.211 step=0.001 ask_rate=inf bid_rate=0.000 ask_vol=7336.000000 persist=1/2 trade_vol=0.000000
[2025-11-03 12:22:14] 合约=MINAUSDT 范围=[0.211-0.212] 窗口=4 买变率=0.000 卖变率=inf 买量=0.000000 卖量=7336.000000 买条件=否 卖条件=是 上邻卖压下降=否 下邻买压下降=是 买持续=0/2 卖持续=1/2 成交量=0.000000 成交确认=否 发出=无
CANDIDATE SELL start=0.212 step=0.001 ask_rate=inf bid_rate=0.000 ask_vol=315.000000 persist=1/2 trade_vol=0.000000
[2025-11-03 12:22:14] 合约=MINAUSDT 范围=[0.212-0.213] 窗口=4 买变率=0.000 卖变率=inf 买量=0.000000 卖量=315.000000 买条件=否 卖条件=是 上邻卖压下降=否 下邻买压下降=是 买持续=0/2 卖持续=1/2 成交量=0.000000 成交确认=否 发出=无
CANDIDATE SELL start=0.213 step=0.001 ask_rate=inf bid_rate=0.000 ask_vol=7172.000000 persist=1/2 trade_vol=0.000000
[2025-11-03 12:22:14] 合约=MINAUSDT 范围=[0.213-0.214] 窗口=4 买变率=0.000 卖变率=inf 买量=0.000000 卖量=7172.000000 买条件=否 卖条件=是 上邻卖压下降=否 下邻买压下降=是 买持续=0/2 卖持续=1/2 成交量=0.000000 成交确认=否 发出=无
CANDIDATE SELL start=0.214 step=0.001 ask_rate=inf bid_rate=0.000 ask_vol=1537.000000 persist=1/2 trade_vol=0.000000
[2025-11-03 12:22:14] 合约=MINAUSDT 范围=[0.214-0.215] 窗口=4 买变率=0.000 卖变率=inf 买量=0.000000 卖量=1537.000000 买条件=否 卖条件=是 上邻卖压下降=否 下邻买压下降=是 买持续=0/2 卖持续=1/2 成交量=0.000000 成交确认=否 发出=无
CANDIDATE SELL start=0.215 step=0.001 ask_rate=inf bid_rate=0.000 ask_vol=19369.000000 persist=1/2 trade_vol=0.000000
[2025-11-03 12:22:14] 合约=MINAUSDT 范围=[0.215-0.216] 窗口=4 买变率=0.000 卖变率=inf 买量=0.000000 卖量=19369.000000 买条件=否 卖条件=是 上邻卖压下降=否 下邻买压下降=是 买持续=0/2 卖持续=1/2 成交量=0.000000 成交确认=否 发出=无
CANDIDATE SELL start=0.216 step=0.001 ask_rate=inf bid_rate=0.000 ask_vol=1444.000000 persist=1/2 trade_vol=0.000000
[2025-11-03 12:22:14] 合约=MINAUSDT 范围=[0.216-0.217] 窗口=4 买变率=0.000 卖变率=inf 买量=0.000000 卖量=1444.000000 买条件=否 卖条件=是 上邻卖压下降=否 下邻买压下降=是 买持续=0/2 卖持续=1/2 成交量=0.000000 成交确认=否 发出=无
CANDIDATE SELL start=0.217 step=0.001 ask_rate=inf bid_rate=0.000 ask_vol=119303.000000 persist=1/2 trade_vol=0.000000
[2025-11-03 12:22:14] 合约=MINAUSDT 范围=[0.217-0.218] 窗口=4 买变率=0.000 卖变率=inf 买量=0.000000 卖量=119303.000000 买条件=否 卖条件=是 上邻卖压下降=否 下邻买压下降=是 买持续=0/2 卖持续=1/2 成交量=0.000000 成交确认=否 发出=无
CANDIDATE SELL start=0.218 step=0.001 ask_rate=inf bid_rate=0.000 ask_vol=7480.000000 persist=1/2 trade_vol=0.000000
[2025-11-03 12:22:14] 合约=MINAUSDT 范围=[0.218-0.219] 窗口=4 买变率=0.000 卖变率=inf 买量=0.000000 卖量=7480.000000 买条件=否 卖条件=是 上邻卖压下降=否 下邻买压下降=是 买持续=0/2 卖持续=1/2 成交量=0.000000 成交确认=否 发出=无
CANDIDATE SELL start=0.219 step=0.001 ask_rate=inf bid_rate=0.000 ask_vol=1388.000000 persist=1/2 trade_vol=0.000000
[2025-11-03 12:22:14] 合约=MINAUSDT 范围=[0.219-0.220] 窗口=4 买变率=0.000 卖变率=inf 买量=0.000000 卖量=1388.000000 买条件=否 卖条件=是 上邻卖压下降=否 下邻买压下降=是 买持续=0/2 卖持续=1/2 成交量=0.000000 成交确认=否 发出=无
CANDIDATE SELL start=0.220 step=0.001 ask_rate=inf bid_rate=0.000 ask_vol=4204.000000 persist=1/2 trade_vol=0.000000
[2025-11-03 12:22:14] 合约=MINAUSDT 范围=[0.220-0.221] 窗口=4 买变率=0.000 卖变率=inf 买量=0.000000 卖量=4204.000000 买条件=否 卖条件=是 上邻卖压下降=否 下邻买压下降=是 买持续=0/2 卖持续=1/2 成交量=0.000000 成交确认=否 发出=无
CANDIDATE SELL start=0.221 step=0.001 ask_rate=inf bid_rate=0.000 ask_vol=216.000000 persist=1/2 trade_vol=0.000000
[2025-11-03 12:22:14] 合约=MINAUSDT 范围=[0.221-0.222] 窗口=4 买变率=0.000 卖变率=inf 买量=0.000000 卖量=216.000000 买条件=否 卖条件=是 上邻卖压下降=否 下邻买压下降=是 买持续=0/2 卖持续=1/2 成交量=0.000000 成交确认=否 发出=无
CANDIDATE SELL start=0.222 step=0.001 ask_rate=inf bid_rate=0.000 ask_vol=1294.000000 persist=1/2 trade_vol=0.000000
[2025-11-03 12:22:14] 合约=MINAUSDT 范围=[0.222-0.223] 窗口=4 买变率=0.000 卖变率=inf 买量=0.000000 卖量=1294.000000 买条件=否 卖条件=是 上邻卖压下降=否 下邻买压下降=是 买持续=0/2 卖持续=1/2 成交量=0.000000 成交确认=否 发出=无
CANDIDATE SELL start=0.223 step=0.001 ask_rate=inf bid_rate=0.000 ask_vol=12300.000000 persist=1/2 trade_vol=0.000000
[2025-11-03 12:22:14] 合约=MINAUSDT 范围=[0.223-0.224] 窗口=4 买变率=0.000 卖变率=inf 买量=0.000000 卖量=12300.000000 买条件=否 卖条件=是 上邻卖压下降=否 下邻买压下降=是 买持续=0/2 卖持续=1/2 成交量=0.000000 成交确认=否 发出=无
CANDIDATE SELL start=0.224 step=0.001 ask_rate=inf bid_rate=0.000 ask_vol=1881.000000 persist=1/2 trade_vol=0.000000
[2025-11-03 12:22:14] 合约=MINAUSDT 范围=[0.224-0.225] 窗口=4 买变率=0.000 卖变率=inf 买量=0.000000 卖量=1881.000000 买条件=否 卖条件=是 上邻卖压下降=否 下邻买压下降=是 买持续=0/2 卖持续=1/2 成交量=0.000000 成交确认=否 发出=无
CANDIDATE SELL start=0.225 step=0.001 ask_rate=inf bid_rate=0.000 ask_vol=18797.000000 persist=1/2 trade_vol=0.000000
[2025-11-03 12:22:14] 合约=MINAUSDT 范围=[0.225-0.226] 窗口=4 买变率=0.000 卖变率=inf 买量=0.000000 卖量=18797.000000 买条件=否 卖条件=是 上邻卖压下降=否 下邻买压下降=是 买持续=0/2 卖持续=1/2 成交量=0.000000 成交确认=否 发出=无
CANDIDATE SELL start=0.226 step=0.001 ask_rate=inf bid_rate=0.000 ask_vol=2516.000000 persist=1/2 trade_vol=0.000000
[2025-11-03 12:22:14] 合约=MINAUSDT 范围=[0.226-0.227] 窗口=4 买变率=0.000 卖变率=inf 买量=0.000000 卖量=2516.000000 买条件=否 卖条件=是 上邻卖压下降=否 下邻买压下降=是 买持续=0/2 卖持续=1/2 成交量=0.000000 成交确认=否 发出=无
CANDIDATE SELL start=0.227 step=0.001 ask_rate=inf bid_rate=0.000 ask_vol=28861.000000 persist=1/2 trade_vol=0.000000
[2025-11-03 12:22:14] 合约=MINAUSDT 范围=[0.227-0.228] 窗口=4 买变率=0.000 卖变率=inf 买量=0.000000 卖量=28861.000000 买条件=否 卖条件=是 上邻卖压下降=否 下邻买压下降=是 买持续=0/2 卖持续=1/2 成交量=0.000000 成交确认=否 发出=无
CANDIDATE SELL start=0.228 step=0.001 ask_rate=inf bid_rate=0.000 ask_vol=1235.000000 persist=1/2 trade_vol=0.000000
[2025-11-03 12:22:14] 合约=MINAUSDT 范围=[0.228-0.229] 窗口=4 买变率=0.000 卖变率=inf 买量=0.000000 卖量=1235.000000 买条件=否 卖条件=是 上邻卖压下降=否 下邻买压下降=是 买持续=0/2 卖持续=1/2 成交量=0.000000 成交确认=否 发出=无
CANDIDATE SELL start=0.229 step=0.001 ask_rate=inf bid_rate=0.000 ask_vol=1426.000000 persist=1/2 trade_vol=0.000000
[2025-11-03 12:22:14] 合约=MINAUSDT 范围=[0.229-0.230] 窗口=4 买变率=0.000 卖变率=inf 买量=0.000000 卖量=1426.000000 买条件=否 卖条件=是 上邻卖压下降=否 下邻买压下降=是 买持续=0/2 卖持续=1/2 成交量=0.000000 成交确认=否 发出=无
CANDIDATE SELL start=0.230 step=0.001 ask_rate=inf bid_rate=0.000 ask_vol=4778.000000 persist=1/2 trade_vol=0.000000
[2025-11-03 12:22:14] 合约=MINAUSDT 范围=[0.230-0.231] 窗口=4 买变率=0.000 卖变率=inf 买量=0.000000 卖量=4778.000000 买条件=否 卖条件=是 上邻卖压下降=否 下邻买压下降=是 买持续=0/2 卖持续=1/2 成交量=0.000000 成交确认=否 发出=无
CANDIDATE SELL start=0.231 step=0.001 ask_rate=inf bid_rate=0.000 ask_vol=972.000000 persist=1/2 trade_vol=0.000000
[2025-11-03 12:22:14] 合约=MINAUSDT 范围=[0.231-0.232] 窗口=4 买变率=0.000 卖变率=inf 买量=0.000000 卖量=972.000000 买条件=否 卖条件=是 上邻卖压下降=否 下邻买压下降=是 买持续=0/2 卖持续=1/2 成交量=0.000000 成交确认=否 发出=无
CANDIDATE SELL start=0.232 step=0.001 ask_rate=inf bid_rate=0.000 ask_vol=1684.000000 persist=1/2 trade_vol=0.000000
[2025-11-03 12:22:14] 合约=MINAUSDT 范围=[0.232-0.233] 窗口=4 买变率=0.000 卖变率=inf 买量=0.000000 卖量=1684.000000 买条件=否 卖条件=是 上邻卖压下降=否 下邻买压下降=是 买持续=0/2 卖持续=1/2 成交量=0.000000 成交确认=否 发出=无
CANDIDATE SELL start=0.233 step=0.001 ask_rate=inf bid_rate=0.000 ask_vol=140.000000 persist=1/2 trade_vol=0.000000
[2025-11-03 12:22:14] 合约=MINAUSDT 范围=[0.233-0.234] 窗口=4 买变率=0.000 卖变率=inf 买量=0.000000 卖量=140.000000 买条件=否 卖条件=是 上邻卖压下降=否 下邻买压下降=是 买持续=0/2 卖持续=1/2 成交量=0.000000 成交确认=否 发出=无
CANDIDATE SELL start=0.234 step=0.001 ask_rate=inf bid_rate=0.000 ask_vol=2754.000000 persist=1/2 trade_vol=0.000000
[2025-11-03 12:22:14] 合约=MINAUSDT 范围=[0.234-0.235] 窗口=4 买变率=0.000 卖变率=inf 买量=0.000000 卖量=2754.000000 买条件=否 卖条件=是 上邻卖压下降=否 下邻买压下降=是 买持续=0/2 卖持续=1/2 成交量=0.000000 成交确认=否 发出=无
CANDIDATE SELL start=0.235 step=0.001 ask_rate=inf bid_rate=0.000 ask_vol=2480.000000 persist=1/2 trade_vol=0.000000
[2025-11-03 12:22:14] 合约=MINAUSDT 范围=[0.235-0.236] 窗口=4 买变率=0.000 卖变率=inf 买量=0.000000 卖量=2480.000000 买条件=否 卖条件=是 上邻卖压下降=否 下邻买压下降=是 买持续=0/2 卖持续=1/2 成交量=0.000000 成交确认=否 发出=无
CANDIDATE SELL start=0.236 step=0.001 ask_rate=inf bid_rate=0.000 ask_vol=989.000000 persist=1/2 trade_vol=0.000000
[2025-11-03 12:22:14] 合约=MINAUSDT 范围=[0.236-0.237] 窗口=4 买变率=0.000 卖变率=inf 买量=0.000000 卖量=989.000000 买条件=否 卖条件=是 上邻卖压下降=否 下邻买压下降=是 买持续=0/2 卖持续=1/2 成交量=0.000000 成交确认=否 发出=无
CANDIDATE SELL start=0.237 step=0.001 ask_rate=inf bid_rate=0.000 ask_vol=1603.000000 persist=1/2 trade_vol=0.000000
[2025-11-03 12:22:14] 合约=MINAUSDT 范围=[0.237-0.238] 窗口=4 买变率=0.000 卖变率=inf 买量=0.000000 卖量=1603.000000 买条件=否 卖条件=是 上邻卖压下降=否 下邻买压下降=是 买持续=0/2 卖持续=1/2 成交量=0.000000 成交确认=否 发出=无
CANDIDATE SELL start=0.238 step=0.001 ask_rate=inf bid_rate=0.000 ask_vol=971.000000 persist=1/2 trade_vol=0.000000
[2025-11-03 12:22:14] 合约=MINAUSDT 范围=[0.238-0.239] 窗口=4 买变率=0.000 卖变率=inf 买量=0.000000 卖量=971.000000 买条件=否 卖条件=是 上邻卖压下降=否 下邻买压下降=是 买持续=0/2 卖持续=1/2 成交量=0.000000 成交确认=否 发出=无
CANDIDATE SELL start=0.239 step=0.001 ask_rate=inf bid_rate=0.000 ask_vol=287.000000 persist=1/2 trade_vol=0.000000
[2025-11-03 12:22:14] 合约=MINAUSDT 范围=[0.239-0.240] 窗口=4 买变率=0.000 卖变率=inf 买量=0.000000 卖量=287.000000 买条件=否 卖条件=是 上邻卖压下降=否 下邻买压下降=是 买持续=0/2 卖持续=1/2 成交量=0.000000 成交确认=否 发出=无
CANDIDATE SELL start=0.240 step=0.001 ask_rate=inf bid_rate=0.000 ask_vol=1890.000000 persist=1/2 trade_vol=0.000000
[2025-11-03 12:22:14] 合约=MINAUSDT 范围=[0.240-0.241] 窗口=4 买变率=0.000 卖变率=inf 买量=0.000000 卖量=1890.000000 买条件=否 卖条件=是 上邻卖压下降=否 下邻买压下降=是 买持续=0/2 卖持续=1/2 成交量=0.000000 成交确认=否 发出=无
CANDIDATE SELL start=0.241 step=0.001 ask_rate=inf bid_rate=0.000 ask_vol=215.000000 persist=1/2 trade_vol=0.000000
[2025-11-03 12:22:14] 合约=MINAUSDT 范围=[0.241-0.242] 窗口=4 买变率=0.000 卖变率=inf 买量=0.000000 卖量=215.000000 买条件=否 卖条件=是 上邻卖压下降=否 下邻买压下降=是 买持续=0/2 卖持续=1/2 成交量=0.000000 成交确认=否 发出=无
CANDIDATE SELL start=0.242 step=0.001 ask_rate=inf bid_rate=0.000 ask_vol=19810.000000 persist=1/2 trade_vol=0.000000
[2025-11-03 12:22:14] 合约=MINAUSDT 范围=[0.242-0.243] 窗口=4 买变率=0.000 卖变率=inf 买量=0.000000 卖量=19810.000000 买条件=否 卖条件=是 上邻卖压下降=否 下邻买压下降=是 买持续=0/2 卖持续=1/2 成交量=0.000000 成交确认=否 发出=无
CANDIDATE SELL start=0.243 step=0.001 ask_rate=inf bid_rate=0.000 ask_vol=24758.000000 persist=1/2 trade_vol=0.000000
[2025-11-03 12:22:14] 合约=MINAUSDT 范围=[0.243-0.244] 窗口=4 买变率=0.000 卖变率=inf 买量=0.000000 卖量=24758.000000 买条件=否 卖条件=是 上邻卖压下降=否 下邻买压下降=是 买持续=0/2 卖持续=1/2 成交量=0.000000 成交确认=否 发出=无
CANDIDATE SELL start=0.244 step=0.001 ask_rate=inf bid_rate=0.000 ask_vol=5243.000000 persist=1/2 trade_vol=0.000000
[2025-11-03 12:22:14] 合约=MINAUSDT 范围=[0.244-0.245] 窗口=4 买变率=0.000 卖变率=inf 买量=0.000000 卖量=5243.000000 买条件=否 卖条件=是 上邻卖压下降=否 下邻买压下降=是 买持续=0/2 卖持续=1/2 成交量=0.000000 成交确认=否 发出=无
CANDIDATE SELL start=0.245 step=0.001 ask_rate=inf bid_rate=0.000 ask_vol=1626.000000 persist=1/2 trade_vol=0.000000
[2025-11-03 12:22:14] 合约=MINAUSDT 范围=[0.245-0.246] 窗口=4 买变率=0.000 卖变率=inf 买量=0.000000 卖量=1626.000000 买条件=否 卖条件=是 上邻卖压下降=否 下邻买压下降=是 买持续=0/2 卖持续=1/2 成交量=0.000000 成交确认=否 发出=无
CANDIDATE SELL start=0.246 step=0.001 ask_rate=inf bid_rate=0.000 ask_vol=1070.000000 persist=1/2 trade_vol=0.000000
[2025-11-03 12:22:14] 合约=MINAUSDT 范围=[0.246-0.247] 窗口=4 买变率=0.000 卖变率=inf 买量=0.000000 卖量=1070.000000 买条件=否 卖条件=是 上邻卖压下降=否 下邻买压下降=是 买持续=0/2 卖持续=1/2 成交量=0.000000 成交确认=否 发出=无
CANDIDATE SELL start=0.247 step=0.001 ask_rate=inf bid_rate=0.000 ask_vol=1734.000000 persist=1/2 trade_vol=0.000000
[2025-11-03 12:22:14] 合约=MINAUSDT 范围=[0.247-0.248] 窗口=4 买变率=0.000 卖变率=inf 买量=0.000000 卖量=1734.000000 买条件=否 卖条件=是 上邻卖压下降=否 下邻买压下降=是 买持续=0/2 卖持续=1/2 成交量=0.000000 成交确认=否 发出=无
CANDIDATE SELL start=0.248 step=0.001 ask_rate=inf bid_rate=0.000 ask_vol=2397.000000 persist=1/2 trade_vol=0.000000
[2025-11-03 12:22:14] 合约=MINAUSDT 范围=[0.248-0.249] 窗口=4 买变率=0.000 卖变率=inf 买量=0.000000 卖量=2397.000000 买条件=否 卖条件=是 上邻卖压下降=否 下邻买压下降=是 买持续=0/2 卖持续=1/2 成交量=0.000000 成交确认=否 发出=无
CANDIDATE SELL start=0.249 step=0.001 ask_rate=inf bid_rate=0.000 ask_vol=123.000000 persist=1/2 trade_vol=0.000000
[2025-11-03 12:22:14] 合约=MINAUSDT 范围=[0.249-0.250] 窗口=4 买变率=0.000 卖变率=inf 买量=0.000000 卖量=123.000000 买条件=否 卖条件=是 上邻卖压下降=否 下邻买压下降=是 买持续=0/2 卖持续=1/2 成交量=0.000000 成交确认=否 发出=无
CANDIDATE SELL start=0.250 step=0.001 ask_rate=inf bid_rate=0.000 ask_vol=14625.000000 persist=1/2 trade_vol=0.000000
[2025-11-03 12:22:14] 合约=MINAUSDT 范围=[0.250-0.251] 窗口=4 买变率=0.000 卖变率=inf 买量=0.000000 卖量=14625.000000 买条件=否 卖条件=是 上邻卖压下降=否 下邻买压下降=是 买持续=0/2 卖持续=1/2 成交量=0.000000 成交确认=否 发出=无
CANDIDATE SELL start=0.251 step=0.001 ask_rate=inf bid_rate=0.000 ask_vol=1153.000000 persist=1/2 trade_vol=0.000000
[2025-11-03 12:22:14] 合约=MINAUSDT 范围=[0.251-0.252] 窗口=4 买变率=0.000 卖变率=inf 买量=0.000000 卖量=1153.000000 买条件=否 卖条件=是 上邻卖压下降=否 下邻买压下降=是 买持续=0/2 卖持续=1/2 成交量=0.000000 成交确认=否 发出=无
CANDIDATE SELL start=0.252 step=0.001 ask_rate=inf bid_rate=0.000 ask_vol=4972.000000 persist=1/2 trade_vol=0.000000
[2025-11-03 12:22:14] 合约=MINAUSDT 范围=[0.252-0.253] 窗口=4 买变率=0.000 卖变率=inf 买量=0.000000 卖量=4972.000000 买条件=否 卖条件=是 上邻卖压下降=否 下邻买压下降=是 买持续=0/2 卖持续=1/2 成交量=0.000000 成交确认=否 发出=无
CANDIDATE SELL start=0.253 step=0.001 ask_rate=inf bid_rate=0.000 ask_vol=1315.000000 persist=1/2 trade_vol=0.000000
[2025-11-03 12:22:14] 合约=MINAUSDT 范围=[0.253-0.254] 窗口=4 买变率=0.000 卖变率=inf 买量=0.000000 卖量=1315.000000 买条件=否 卖条件=是 上邻卖压下降=否 下邻买压下降=是 买持续=0/2 卖持续=1/2 成交量=0.000000 成交确认=否 发出=无
CANDIDATE SELL start=0.254 step=0.001 ask_rate=inf bid_rate=0.000 ask_vol=501.000000 persist=1/2 trade_vol=0.000000
[2025-11-03 12:22:14] 合约=MINAUSDT 范围=[0.254-0.255] 窗口=4 买变率=0.000 卖变率=inf 买量=0.000000 卖量=501.000000 买条件=否 卖条件=是 上邻卖压下降=否 下邻买压下降=是 买持续=0/2 卖持续=1/2 成交量=0.000000 成交确认=否 发出=无
CANDIDATE SELL start=0.255 step=0.001 ask_rate=inf bid_rate=0.000 ask_vol=2312.000000 persist=1/2 trade_vol=0.000000
[2025-11-03 12:22:14] 合约=MINAUSDT 范围=[0.255-0.256] 窗口=4 买变率=0.000 卖变率=inf 买量=0.000000 卖量=2312.000000 买条件=否 卖条件=是 上邻卖压下降=否 下邻买压下降=是 买持续=0/2 卖持续=1/2 成交量=0.000000 成交确认=否 发出=无
CANDIDATE SELL start=0.256 step=0.001 ask_rate=inf bid_rate=0.000 ask_vol=250.000000 persist=1/2 trade_vol=0.000000
[2025-11-03 12:22:14] 合约=MINAUSDT 范围=[0.256-0.257] 窗口=4 买变率=0.000 卖变率=inf 买量=0.000000 卖量=250.000000 买条件=否 卖条件=是 上邻卖压下降=否 下邻买压下降=是 买持续=0/2 卖持续=1/2 成交量=0.000000 成交确认=否 发出=无
CANDIDATE SELL start=0.257 step=0.001 ask_rate=inf bid_rate=0.000 ask_vol=67.000000 persist=1/2 trade_vol=0.000000
[2025-11-03 12:22:14] 合约=MINAUSDT 范围=[0.257-0.258] 窗口=4 买变率=0.000 卖变率=inf 买量=0.000000 卖量=67.000000 买条件=否 卖条件=是 上邻卖压下降=否 下邻买压下降=是 买持续=0/2 卖持续=1/2 成交量=0.000000 成交确认=否 发出=无
CANDIDATE SELL start=0.258 step=0.001 ask_rate=inf bid_rate=0.000 ask_vol=27760.000000 persist=1/2 trade_vol=0.000000
[2025-11-03 12:22:14] 合约=MINAUSDT 范围=[0.258-0.259] 窗口=4 买变率=0.000 卖变率=inf 买量=0.000000 卖量=27760.000000 买条件=否 卖条件=是 上邻卖压下降=否 下邻买压下降=是 买持续=0/2 卖持续=1/2 成交量=0.000000 成交确认=否 发出=无
CANDIDATE SELL start=0.259 step=0.001 ask_rate=inf bid_rate=0.000 ask_vol=39.000000 persist=1/2 trade_vol=0.000000
[2025-11-03 12:22:14] 合约=MINAUSDT 范围=[0.259-0.260] 窗口=4 买变率=0.000 卖变率=inf 买量=0.000000 卖量=39.000000 买条件=否 卖条件=是 上邻卖压下降=否 下邻买压下降=是 买持续=0/2 卖持续=1/2 成交量=0.000000 成交确认=否 发出=无
CANDIDATE SELL start=0.260 step=0.001 ask_rate=inf bid_rate=0.000 ask_vol=3345.000000 persist=1/2 trade_vol=0.000000
[2025-11-03 12:22:14] 合约=MINAUSDT 范围=[0.260-0.261] 窗口=4 买变率=0.000 卖变率=inf 买量=0.000000 卖量=3345.000000 买条件=否 卖条件=是 上邻卖压下降=否 下邻买压下降=是 买持续=0/2 卖持续=1/2 成交量=0.000000 成交确认=否 发出=无
CANDIDATE SELL start=0.261 step=0.001 ask_rate=inf bid_rate=0.000 ask_vol=1370.000000 persist=1/2 trade_vol=0.000000
[2025-11-03 12:22:14] 合约=MINAUSDT 范围=[0.261-0.262] 窗口=4 买变率=0.000 卖变率=inf 买量=0.000000 卖量=1370.000000 买条件=否 卖条件=是 上邻卖压下降=否 下邻买压下降=是 买持续=0/2 卖持续=1/2 成交量=0.000000 成交确认=否 发出=无
CANDIDATE SELL start=0.262 step=0.001 ask_rate=inf bid_rate=0.000 ask_vol=67.000000 persist=1/2 trade_vol=0.000000
[2025-11-03 12:22:14] 合约=MINAUSDT 范围=[0.262-0.263] 窗口=4 买变率=0.000 卖变率=inf 买量=0.000000 卖量=67.000000 买条件=否 卖条件=是 上邻卖压下降=否 下邻买压下降=是 买持续=0/2 卖持续=1/2 成交量=0.000000 成交确认=否 发出=无
CANDIDATE SELL start=0.263 step=0.001 ask_rate=inf bid_rate=0.000 ask_vol=1462.000000 persist=1/2 trade_vol=0.000000
[2025-11-03 12:22:14] 合约=MINAUSDT 范围=[0.263-0.264] 窗口=4 买变率=0.000 卖变率=inf 买量=0.000000 卖量=1462.000000 买条件=否 卖条件=是 上邻卖压下降=否 下邻买压下降=是 买持续=0/2 卖持续=1/2 成交量=0.000000 成交确认=否 发出=无
CANDIDATE SELL start=0.264 step=0.001 ask_rate=inf bid_rate=0.000 ask_vol=76.000000 persist=1/2 trade_vol=0.000000
[2025-11-03 12:22:14] 合约=MINAUSDT 范围=[0.264-0.265] 窗口=4 买变率=0.000 卖变率=inf 买量=0.000000 卖量=76.000000 买条件=否 卖条件=是 上邻卖压下降=否 下邻买压下降=是 买持续=0/2 卖持续=1/2 成交量=0.000000 成交确认=否 发出=无
CANDIDATE SELL start=0.265 step=0.001 ask_rate=inf bid_rate=0.000 ask_vol=26815.000000 persist=1/2 trade_vol=0.000000
[2025-11-03 12:22:14] 合约=MINAUSDT 范围=[0.265-0.266] 窗口=4 买变率=0.000 卖变率=inf 买量=0.000000 卖量=26815.000000 买条件=否 卖条件=是 上邻卖压下降=否 下邻买压下降=是 买持续=0/2 卖持续=1/2 成交量=0.000000 成交确认=否 发出=无
CANDIDATE SELL start=0.266 step=0.001 ask_rate=inf bid_rate=0.000 ask_vol=12723.000000 persist=1/2 trade_vol=0.000000
[2025-11-03 12:22:14] 合约=MINAUSDT 范围=[0.266-0.267] 窗口=4 买变率=0.000 卖变率=inf 买量=0.000000 卖量=12723.000000 买条件=否 卖条件=是 上邻卖压下降=否 下邻买压下降=是 买持续=0/2 卖持续=1/2 成交量=0.000000 成交确认=否 发出=无
CANDIDATE SELL start=0.267 step=0.001 ask_rate=inf bid_rate=0.000 ask_vol=418.000000 persist=1/2 trade_vol=0.000000
[2025-11-03 12:22:14] 合约=MINAUSDT 范围=[0.267-0.268] 窗口=4 买变率=0.000 卖变率=inf 买量=0.000000 卖量=418.000000 买条件=否 卖条件=是 上邻卖压下降=否 下邻买压下降=是 买持续=0/2 卖持续=1/2 成交量=0.000000 成交确认=否 发出=无
CANDIDATE SELL start=0.268 step=0.001 ask_rate=inf bid_rate=0.000 ask_vol=7103.000000 persist=1/2 trade_vol=0.000000
[2025-11-03 12:22:14] 合约=MINAUSDT 范围=[0.268-0.269] 窗口=4 买变率=0.000 卖变率=inf 买量=0.000000 卖量=7103.000000 买条件=否 卖条件=是 上邻卖压下降=否 下邻买压下降=是 买持续=0/2 卖持续=1/2 成交量=0.000000 成交确认=否 发出=无
CANDIDATE SELL start=0.269 step=0.001 ask_rate=inf bid_rate=0.000 ask_vol=89.000000 persist=1/2 trade_vol=0.000000
[2025-11-03 12:22:14] 合约=MINAUSDT 范围=[0.269-0.270] 窗口=4 买变率=0.000 卖变率=inf 买量=0.000000 卖量=89.000000 买条件=否 卖条件=是 上邻卖压下降=否 下邻买压下降=是 买持续=0/2 卖持续=1/2 成交量=0.000000 成交确认=否 发出=无
CANDIDATE SELL start=0.270 step=0.001 ask_rate=inf bid_rate=0.000 ask_vol=300.000000 persist=1/2 trade_vol=0.000000
[2025-11-03 12:22:14] 合约=MINAUSDT 范围=[0.270-0.271] 窗口=4 买变率=0.000 卖变率=inf 买量=0.000000 卖量=300.000000 买条件=否 卖条件=是 上邻卖压下降=无 下邻买压下降=是 买持续=0/2 卖持续=1/2 成交量=0.000000 成交确认=否 发出=无
CANDIDATE SELL start=0.222 step=0.001 ask_rate=6.200 bid_rate=0.000 ask_vol=8023.000000 persist=1/2 trade_vol=0.000000
[2025-11-03 12:22:26] 合约=MINAUSDT 范围=[0.222-0.223] 窗口=4 买变率=0.000 卖变率=6.200 买量=0.000000 卖量=8023.000000 买条件=否 卖条件=是 上邻卖压下降=否 下邻买压下降=是 买持续=0/2 卖持续=1/2 成交量=0.000000 成交确认=否 发出=无
CANDIDATE SELL start=0.222 step=0.001 ask_rate=2.268 bid_rate=0.000 ask_vol=8023.000000 persist=2/2 trade_vol=0.000000
[2025-11-03 12:22:26] 合约=MINAUSDT 范围=[0.222-0.223] 窗口=4 买变率=0.000 卖变率=2.268 买量=0.000000 卖量=8023.000000 买条件=否 卖条件=是 上邻卖压下降=否 下邻买压下降=是 买持续=0/2 卖持续=2/2 成交量=0.000000 成交确认=否 发出=无
CANDIDATE SELL start=0.224 step=0.001 ask_rate=4.550 bid_rate=0.000 ask_vol=8559.000000 persist=1/2 trade_vol=0.000000
[2025-11-03 12:22:32] 合约=MINAUSDT 范围=[0.224-0.225] 窗口=4 买变率=0.000 卖变率=4.550 买量=0.000000 卖量=8559.000000 买条件=否 卖条件=是 上邻卖压下降=否 下邻买压下降=是 买持续=0/2 卖持续=1/2 成交量=0.000000 成交确认=否 发出=无
CANDIDATE SELL start=0.224 step=0.001 ask_rate=2.084 bid_rate=0.000 ask_vol=8559.000000 persist=2/2 trade_vol=0.000000
[2025-11-03 12:22:32] 合约=MINAUSDT 范围=[0.224-0.225] 窗口=4 买变率=0.000 卖变率=2.084 买量=0.000000 卖量=8559.000000 买条件=否 卖条件=是 上邻卖压下降=否 下邻买压下降=是 买持续=0/2 卖持续=2/2 成交量=0.000000 成交确认=否 发出=无
CANDIDATE BUY start=0.105 step=0.001 bid_rate=1.514 ask_rate=0.000 bid_vol=97488.000000 persist=1/2 trade_vol=0.000000
[2025-11-03 12:23:04] 合约=MINAUSDT 范围=[0.105-0.106] 窗口=4 买变率=1.514 卖变率=0.000 买量=97488.000000 卖量=0.000000 买条件=是 卖条件=否 上邻卖压下降=是 下邻买压下降=否 买持续=1/2 卖持续=0/2 成交量=0.000000 成交确认=否 发出=无
CANDIDATE BUY start=0.114 step=0.001 bid_rate=1.817 ask_rate=0.000 bid_vol=346632.000000 persist=1/2 trade_vol=0.000000
[2025-11-03 12:23:11] 合约=MINAUSDT 范围=[0.114-0.115] 窗口=4 买变率=1.817 卖变率=0.000 买量=346632.000000 卖量=0.000000 买条件=是 卖条件=否 上邻卖压下降=是 下邻买压下降=否 买持续=1/2 卖持续=0/2 成交量=0.000000 成交确认=否 发出=无
CANDIDATE BUY start=0.114 step=0.001 bid_rate=1.428 ask_rate=0.000 bid_vol=346632.000000 persist=2/2 trade_vol=0.000000
[2025-11-03 12:23:11] 合约=MINAUSDT 范围=[0.114-0.115] 窗口=4 买变率=1.428 卖变率=0.000 买量=346632.000000 卖量=0.000000 买条件=是 卖条件=否 上邻卖压下降=是 下邻买压下降=否 买持续=2/2 卖持续=0/2 成交量=0.000000 成交确认=否 发出=无
CANDIDATE BUY start=0.107 step=0.001 bid_rate=1.607 ask_rate=0.000 bid_vol=312491.000000 persist=1/2 trade_vol=0.000000
[2025-11-03 12:23:12] 合约=MINAUSDT 范围=[0.107-0.108] 窗口=4 买变率=1.607 卖变率=0.000 买量=312491.000000 卖量=0.000000 买条件=是 卖条件=否 上邻卖压下降=是 下邻买压下降=否 买持续=1/2 卖持续=0/2 成交量=0.000000 成交确认=否 发出=无
CANDIDATE BUY start=0.109 step=0.001 bid_rate=4.988 ask_rate=0.000 bid_vol=631246.000000 persist=1/2 trade_vol=0.000000
[2025-11-03 12:23:12] 合约=MINAUSDT 范围=[0.109-0.110] 窗口=4 买变率=4.988 卖变率=0.000 买量=631246.000000 卖量=0.000000 买条件=是 卖条件=否 上邻卖压下降=是 下邻买压下降=否 买持续=1/2 卖持续=0/2 成交量=0.000000 成交确认=否 发出=无
CANDIDATE BUY start=0.112 step=0.001 bid_rate=1.961 ask_rate=0.000 bid_vol=948647.000000 persist=1/2 trade_vol=0.000000
[2025-11-03 12:23:12] 合约=MINAUSDT 范围=[0.112-0.113] 窗口=4 买变率=1.961 卖变率=0.000 买量=948647.000000 卖量=0.000000 买条件=是 卖条件=否 上邻卖压下降=是 下邻买压下降=否 买持续=1/2 卖持续=0/2 成交量=0.000000 成交确认=否 发出=无
CANDIDATE BUY start=0.113 step=0.001 bid_rate=2.111 ask_rate=0.000 bid_vol=569309.000000 persist=1/2 trade_vol=0.000000
[2025-11-03 12:23:12] 合约=MINAUSDT 范围=[0.113-0.114] 窗口=4 买变率=2.111 卖变率=0.000 买量=569309.000000 卖量=0.000000 买条件=是 卖条件=否 上邻卖压下降=是 下邻买压下降=否 买持续=1/2 卖持续=0/2 成交量=0.000000 成交确认=否 发出=无
CANDIDATE BUY start=0.114 step=0.001 bid_rate=1.613 ask_rate=0.000 bid_vol=733257.000000 persist=1/2 trade_vol=0.000000
[2025-11-03 12:23:12] 合约=MINAUSDT 范围=[0.114-0.115] 窗口=4 买变率=1.613 卖变率=0.000 买量=733257.000000 卖量=0.000000 买条件=是 卖条件=否 上邻卖压下降=是 下邻买压下降=否 买持续=1/2 卖持续=0/2 成交量=0.000000 成交确认=否 发出=无
CANDIDATE BUY start=0.109 step=0.001 bid_rate=2.141 ask_rate=0.000 bid_vol=631246.000000 persist=2/2 trade_vol=0.000000
[2025-11-03 12:23:12] 合约=MINAUSDT 范围=[0.109-0.110] 窗口=4 买变率=2.141 卖变率=0.000 买量=631246.000000 卖量=0.000000 买条件=是 卖条件=否 上邻卖压下降=是 下邻买压下降=否 买持续=2/2 卖持续=0/2 成交量=0.000000 成交确认=否 发出=无
CANDIDATE BUY start=0.112 step=0.001 bid_rate=1.485 ask_rate=0.000 bid_vol=948647.000000 persist=2/2 trade_vol=0.000000
[2025-11-03 12:23:12] 合约=MINAUSDT 范围=[0.112-0.113] 窗口=4 买变率=1.485 卖变率=0.000 买量=948647.000000 卖量=0.000000 买条件=是 卖条件=否 上邻卖压下降=是 下邻买压下降=否 买持续=2/2 卖持续=0/2 成交量=0.000000 成交确认=否 发出=无
CANDIDATE BUY start=0.113 step=0.001 bid_rate=1.537 ask_rate=0.000 bid_vol=569309.000000 persist=2/2 trade_vol=0.000000
[2025-11-03 12:23:12] 合约=MINAUSDT 范围=[0.113-0.114] 窗口=4 买变率=1.537 卖变率=0.000 买量=569309.000000 卖量=0.000000 买条件=是 卖条件=否 上邻卖压下降=是 下邻买压下降=否 买持续=2/2 卖持续=0/2 成交量=0.000000 成交确认=否 发出=无
CANDIDATE BUY start=0.098 step=0.001 bid_rate=2.045 ask_rate=0.000 bid_vol=48491.000000 persist=1/2 trade_vol=0.000000
[2025-11-03 12:23:13] 合约=MINAUSDT 范围=[0.098-0.099] 窗口=4 买变率=2.045 卖变率=0.000 买量=48491.000000 卖量=0.000000 买条件=是 卖条件=否 上邻卖压下降=是 下邻买压下降=否 买持续=1/2 卖持续=0/2 成交量=0.000000 成交确认=否 发出=无
CANDIDATE BUY start=0.105 step=0.001 bid_rate=1.466 ask_rate=0.000 bid_vol=142931.000000 persist=1/2 trade_vol=0.000000
[2025-11-03 12:23:13] 合约=MINAUSDT 范围=[0.105-0.106] 窗口=4 买变率=1.466 卖变率=0.000 买量=142931.000000 卖量=0.000000 买条件=是 卖条件=否 上邻卖压下降=是 下邻买压下降=否 买持续=1/2 卖持续=0/2 成交量=0.000000 成交确认=否 发出=无
CANDIDATE BUY start=0.098 step=0.001 bid_rate=1.517 ask_rate=0.000 bid_vol=48491.000000 persist=2/2 trade_vol=0.000000
[2025-11-03 12:23:13] 合约=MINAUSDT 范围=[0.098-0.099] 窗口=4 买变率=1.517 卖变率=0.000 买量=48491.000000 卖量=0.000000 买条件=是 卖条件=否 上邻卖压下降=是 下邻买压下降=否 买持续=2/2 卖持续=0/2 成交量=0.000000 成交确认=否 发出=无
CANDIDATE SELL start=0.154 step=0.001 ask_rate=1.464 bid_rate=0.000 ask_vol=49967.000000 persist=1/2 trade_vol=0.000000
[2025-11-03 12:23:14] 合约=MINAUSDT 范围=[0.154-0.155] 窗口=4 买变率=0.000 卖变率=1.464 买量=0.000000 卖量=49967.000000 买条件=否 卖条件=是 上邻卖压下降=否 下邻买压下降=是 买持续=0/2 卖持续=1/2 成交量=0.000000 成交确认=否 发出=无
CANDIDATE SELL start=0.134 step=0.001 ask_rate=1.628 bid_rate=0.000 ask_vol=192389.000000 persist=1/2 trade_vol=0.000000
[2025-11-03 12:23:15] 合约=MINAUSDT 范围=[0.134-0.135] 窗口=4 买变率=0.000 卖变率=1.628 买量=0.000000 卖量=192389.000000 买条件=否 卖条件=是 上邻卖压下降=否 下邻买压下降=是 买持续=0/2 卖持续=1/2 成交量=0.000000 成交确认=否 发出=无
CANDIDATE SELL start=0.213 step=0.001 ask_rate=1.981 bid_rate=0.000 ask_vol=14207.000000 persist=1/2 trade_vol=0.000000
[2025-11-03 12:23:15] 合约=MINAUSDT 范围=[0.213-0.214] 窗口=4 买变率=0.000 卖变率=1.981 买量=0.000000 卖量=14207.000000 买条件=否 卖条件=是 上邻卖压下降=否 下邻买压下降=是 买持续=0/2 卖持续=1/2 成交量=0.000000 成交确认=否 发出=无
CANDIDATE SELL start=0.213 step=0.001 ask_rate=1.493 bid_rate=0.000 ask_vol=14207.000000 persist=2/2 trade_vol=0.000000
[2025-11-03 12:23:15] 合约=MINAUSDT 范围=[0.213-0.214] 窗口=4 买变率=0.000 卖变率=1.493 买量=0.000000 卖量=14207.000000 买条件=否 卖条件=是 上邻卖压下降=否 下邻买压下降=是 买持续=0/2 卖持续=2/2 成交量=0.000000 成交确认=否 发出=无
CANDIDATE SELL start=0.218 step=0.001 ask_rate=1.916 bid_rate=0.000 ask_vol=14335.000000 persist=1/2 trade_vol=0.000000
[2025-11-03 12:23:19] 合约=MINAUSDT 范围=[0.218-0.219] 窗口=4 买变率=0.000 卖变率=1.916 买量=0.000000 卖量=14335.000000 买条件=否 卖条件=是 上邻卖压下降=否 下邻买压下降=是 买持续=0/2 卖持续=1/2 成交量=0.000000 成交确认=否 发出=无
CANDIDATE SELL start=0.218 step=0.001 ask_rate=1.468 bid_rate=0.000 ask_vol=14335.000000 persist=2/2 trade_vol=0.000000
[2025-11-03 12:23:19] 合约=MINAUSDT 范围=[0.218-0.219] 窗口=4 买变率=0.000 卖变率=1.468 买量=0.000000 卖量=14335.000000 买条件=否 卖条件=是 上邻卖压下降=否 下邻买压下降=是 买持续=0/2 卖持续=2/2 成交量=0.000000 成交确认=否 发出=无
CANDIDATE BUY start=0.102 step=0.001 bid_rate=2.685 ask_rate=0.000 bid_vol=29487.000000 persist=1/2 trade_vol=0.000000
[2025-11-03 12:23:23] 合约=MINAUSDT 范围=[0.102-0.103] 窗口=4 买变率=2.685 卖变率=0.000 买量=29487.000000 卖量=0.000000 买条件=是 卖条件=否 上邻卖压下降=是 下邻买压下降=否 买持续=1/2 卖持续=0/2 成交量=0.000000 成交确认=否 发出=无
CANDIDATE BUY start=0.102 step=0.001 bid_rate=1.719 ask_rate=0.000 bid_vol=29487.000000 persist=2/2 trade_vol=0.000000
[2025-11-03 12:23:24] 合约=MINAUSDT 范围=[0.102-0.103] 窗口=4 买变率=1.719 卖变率=0.000 买量=29487.000000 卖量=0.000000 买条件=是 卖条件=否 上邻卖压下降=是 下邻买压下降=否 买持续=2/2 卖持续=0/2 成交量=0.000000 成交确认=否 发出=无
CANDIDATE BUY start=0.099 step=0.001 bid_rate=4.345 ask_rate=0.000 bid_vol=32172.000000 persist=1/2 trade_vol=0.000000
[2025-11-03 12:24:04] 合约=MINAUSDT 范围=[0.099-0.100] 窗口=4 买变率=4.345 卖变率=0.000 买量=32172.000000 卖量=0.000000 买条件=是 卖条件=否 上邻卖压下降=是 下邻买压下降=是 买持续=1/2 卖持续=0/2 成交量=0.000000 成交确认=否 发出=无
CANDIDATE BUY start=0.099 step=0.001 bid_rate=2.054 ask_rate=0.000 bid_vol=32172.000000 persist=2/2 trade_vol=0.000000
[2025-11-03 12:24:04] 合约=MINAUSDT 范围=[0.099-0.100] 窗口=4 买变率=2.054 卖变率=0.000 买量=32172.000000 卖量=0.000000 买条件=是 卖条件=否 上邻卖压下降=是 下邻买压下降=是 买持续=2/2 卖持续=0/2 成交量=0.000000 成交确认=否 发出=无
CANDIDATE BUY start=0.124 step=0.001 bid_rate=24.824 ask_rate=0.602 bid_vol=275947.000000 persist=1/2 trade_vol=413581.000000
[2025-11-03 12:24:31] 合约=MINAUSDT 范围=[0.124-0.125] 窗口=5 买变率=24.824 卖变率=0.602 买量=275947.000000 卖量=1113513.000000 买条件=是 卖条件=否 上邻卖压下降=否 下邻买压下降=否 买持续=1/2 卖持续=0/2 成交量=413581.000000 成交确认=是 发出=无
CANDIDATE SELL start=0.146 step=0.001 ask_rate=1.850 bid_rate=0.000 ask_vol=36420.000000 persist=1/2 trade_vol=0.000000
[2025-11-03 12:24:31] 合约=MINAUSDT 范围=[0.146-0.147] 窗口=5 买变率=0.000 卖变率=1.850 买量=0.000000 卖量=36420.000000 买条件=否 卖条件=是 上邻卖压下降=否 下邻买压下降=是 买持续=0/2 卖持续=1/2 成交量=0.000000 成交确认=否 发出=无
CANDIDATE SELL start=0.639 step=0.001 ask_rate=inf bid_rate=0.000 ask_vol=2586.000000 persist=1/2 trade_vol=0.000000
[2025-11-03 12:24:31] 合约=MINAUSDT 范围=[0.639-0.640] 窗口=5 买变率=0.000 卖变率=inf 买量=0.000000 卖量=2586.000000 买条件=否 卖条件=是 上邻卖压下降=无 下邻买压下降=是 买持续=0/2 卖持续=1/2 成交量=0.000000 成交确认=否 发出=无
CANDIDATE BUY start=0.124 step=0.001 bid_rate=4.325 ask_rate=0.601 bid_vol=346437.000000 persist=2/2 trade_vol=540468.000000
[2025-11-03 12:24:31] 合约=MINAUSDT 范围=[0.124-0.125] 窗口=5 买变率=4.325 卖变率=0.601 买量=346437.000000 卖量=1002909.000000 买条件=是 卖条件=否 上邻卖压下降=否 下邻买压下降=否 买持续=2/2 卖持续=0/2 成交量=540468.000000 成交确认=是 发出=买入
CANDIDATE SELL start=0.142 step=0.001 ask_rate=2.381 bid_rate=0.000 ask_vol=265992.000000 persist=1/2 trade_vol=0.000000
[2025-11-03 12:24:31] 合约=MINAUSDT 范围=[0.142-0.143] 窗口=5 买变率=0.000 卖变率=2.381 买量=0.000000 卖量=265992.000000 买条件=否 卖条件=是 上邻卖压下降=否 下邻买压下降=是 买持续=0/2 卖持续=1/2 成交量=0.000000 成交确认=否 发出=无
CANDIDATE SELL start=0.146 step=0.001 ask_rate=1.526 bid_rate=0.000 ask_vol=36420.000000 persist=2/2 trade_vol=0.000000
[2025-11-03 12:24:31] 合约=MINAUSDT 范围=[0.146-0.147] 窗口=5 买变率=0.000 卖变率=1.526 买量=0.000000 卖量=36420.000000 买条件=否 卖条件=是 上邻卖压下降=否 下邻买压下降=是 买持续=0/2 卖持续=2/2 成交量=0.000000 成交确认=否 发出=无
CANDIDATE SELL start=0.148 step=0.001 ask_rate=4.574 bid_rate=0.000 ask_vol=223891.000000 persist=1/2 trade_vol=0.000000
[2025-11-03 12:24:31] 合约=MINAUSDT 范围=[0.148-0.149] 窗口=5 买变率=0.000 卖变率=4.574 买量=0.000000 卖量=223891.000000 买条件=否 卖条件=是 上邻卖压下降=否 下邻买压下降=是 买持续=0/2 卖持续=1/2 成交量=0.000000 成交确认=否 发出=无
CANDIDATE BUY start=0.124 step=0.001 bid_rate=1.835 ask_rate=0.668 bid_vol=305897.000000 persist=1/2 trade_vol=540468.000000
[2025-11-03 12:24:31] 合约=MINAUSDT 范围=[0.124-0.125] 窗口=5 买变率=1.835 卖变率=0.668 买量=305897.000000 卖量=963228.000000 买条件=是 卖条件=否 上邻卖压下降=否 下邻买压下降=否 买持续=1/2 卖持续=0/2 成交量=540468.000000 成交确认=是 发出=无
CANDIDATE SELL start=0.142 step=0.001 ask_rate=1.769 bid_rate=0.000 ask_vol=265913.000000 persist=2/2 trade_vol=0.000000
[2025-11-03 12:24:31] 合约=MINAUSDT 范围=[0.142-0.143] 窗口=5 买变率=0.000 卖变率=1.769 买量=0.000000 卖量=265913.000000 买条件=否 卖条件=是 上邻卖压下降=否 下邻买压下降=是 买持续=0/2 卖持续=2/2 成交量=0.000000 成交确认=否 发出=无
CANDIDATE SELL start=0.148 step=0.001 ask_rate=2.416 bid_rate=0.000 ask_vol=223891.000000 persist=2/2 trade_vol=0.000000
[2025-11-03 12:24:31] 合约=MINAUSDT 范围=[0.148-0.149] 窗口=5 买变率=0.000 卖变率=2.416 买量=0.000000 卖量=223891.000000 买条件=否 卖条件=是 上邻卖压下降=否 下邻买压下降=是 买持续=0/2 卖持续=2/2 成交量=0.000000 成交确认=否 发出=无
CANDIDATE SELL start=0.142 step=0.001 ask_rate=1.408 bid_rate=0.000 ask_vol=265913.000000 persist=3/2 trade_vol=0.000000
[2025-11-03 12:24:32] 合约=MINAUSDT 范围=[0.142-0.143] 窗口=5 买变率=0.000 卖变率=1.408 买量=0.000000 卖量=265913.000000 买条件=否 卖条件=是 上邻卖压下降=否 下邻买压下降=是 买持续=0/2 卖持续=3/2 成交量=0.000000 成交确认=否 发出=无
CANDIDATE SELL start=0.148 step=0.001 ask_rate=1.641 bid_rate=0.000 ask_vol=223891.000000 persist=3/2 trade_vol=0.000000
[2025-11-03 12:24:32] 合约=MINAUSDT 范围=[0.148-0.149] 窗口=5 买变率=0.000 卖变率=1.641 买量=0.000000 卖量=223891.000000 买条件=否 卖条件=是 上邻卖压下降=否 下邻买压下降=是 买持续=0/2 卖持续=3/2 成交量=0.000000 成交确认=否 发出=无
CANDIDATE SELL start=0.135 step=0.001 ask_rate=1.495 bid_rate=0.000 ask_vol=394731.000000 persist=1/2 trade_vol=0.000000
[2025-11-03 12:24:32] 合约=MINAUSDT 范围=[0.135-0.136] 窗口=5 买变率=0.000 卖变率=1.495 买量=0.000000 卖量=394731.000000 买条件=否 卖条件=是 上邻卖压下降=否 下邻买压下降=是 买持续=0/2 卖持续=1/2 成交量=0.000000 成交确认=否 发出=无
CANDIDATE SELL start=0.137 step=0.001 ask_rate=1.593 bid_rate=0.000 ask_vol=241866.000000 persist=1/2 trade_vol=0.000000
[2025-11-03 12:24:35] 合约=MINAUSDT 范围=[0.137-0.138] 窗口=5 买变率=0.000 卖变率=1.593 买量=0.000000 卖量=241866.000000 买条件=否 卖条件=是 上邻卖压下降=否 下邻买压下降=是 买持续=0/2 卖持续=1/2 成交量=0.000000 成交确认=否 发出=无
CANDIDATE BUY start=0.102 step=0.001 bid_rate=2.681 ask_rate=0.000 bid_vol=29442.000000 persist=1/2 trade_vol=0.000000
[2025-11-03 12:24:53] 合约=MINAUSDT 范围=[0.102-0.103] 窗口=4 买变率=2.681 卖变率=0.000 买量=29442.000000 卖量=0.000000 买条件=是 卖条件=否 上邻卖压下降=是 下邻买压下降=否 买持续=1/2 卖持续=0/2 成交量=0.000000 成交确认=否 发出=无
CANDIDATE BUY start=0.102 step=0.001 bid_rate=1.718 ask_rate=0.000 bid_vol=29442.000000 persist=2/2 trade_vol=0.000000
[2025-11-03 12:24:54] 合约=MINAUSDT 范围=[0.102-0.103] 窗口=4 买变率=1.718 卖变率=0.000 买量=29442.000000 卖量=0.000000 买条件=是 卖条件=否 上邻卖压下降=是 下邻买压下降=否 买持续=2/2 卖持续=0/2 成交量=0.000000 成交确认=否 发出=无
CANDIDATE SELL start=0.124 step=0.001 ask_rate=1.444 bid_rate=0.000 ask_vol=1814652.000000 persist=1/2 trade_vol=170886.000000
[2025-11-03 12:25:01] 合约=MINAUSDT 范围=[0.124-0.125] 窗口=4 买变率=0.000 卖变率=1.444 买量=0.000000 卖量=1814652.000000 买条件=否 卖条件=是 上邻卖压下降=否 下邻买压下降=否 买持续=0/2 卖持续=1/2 成交量=170886.000000 成交确认=否 发出=无
CANDIDATE BUY start=0.102 step=0.001 bid_rate=2.682 ask_rate=0.000 bid_vol=29457.000000 persist=1/2 trade_vol=0.000000
[2025-11-03 12:25:56] 合约=MINAUSDT 范围=[0.102-0.103] 窗口=4 买变率=2.682 卖变率=0.000 买量=29457.000000 卖量=0.000000 买条件=是 卖条件=否 上邻卖压下降=是 下邻买压下降=否 买持续=1/2 卖持续=0/2 成交量=0.000000 成交确认=否 发出=无
CANDIDATE BUY start=0.102 step=0.001 bid_rate=1.719 ask_rate=0.000 bid_vol=29457.000000 persist=2/2 trade_vol=0.000000
[2025-11-03 12:25:56] 合约=MINAUSDT 范围=[0.102-0.103] 窗口=4 买变率=1.719 卖变率=0.000 买量=29457.000000 卖量=0.000000 买条件=是 卖条件=否 上邻卖压下降=是 下邻买压下降=否 买持续=2/2 卖持续=0/2 成交量=0.000000 成交确认=否 发出=无
CANDIDATE BUY start=0.103 step=0.001 bid_rate=1.715 ask_rate=0.000 bid_vol=44173.000000 persist=1/2 trade_vol=0.000000
[2025-11-03 12:27:24] 合约=MINAUSDT 范围=[0.103-0.104] 窗口=5 买变率=1.715 卖变率=0.000 买量=44173.000000 卖量=0.000000 买条件=是 卖条件=否 上邻卖压下降=是 下邻买压下降=否 买持续=1/2 卖持续=0/2 成交量=0.000000 成交确认=否 发出=无
CANDIDATE BUY start=0.103 step=0.001 bid_rate=1.455 ask_rate=0.000 bid_vol=44173.000000 persist=2/2 trade_vol=0.000000
[2025-11-03 12:27:24] 合约=MINAUSDT 范围=[0.103-0.104] 窗口=5 买变率=1.455 卖变率=0.000 买量=44173.000000 卖量=0.000000 买条件=是 卖条件=否 上邻卖压下降=是 下邻买压下降=否 买持续=2/2 卖持续=0/2 成交量=0.000000 成交确认=否 发出=无
